

Started POST "/links/use?link_id=10" for ::1 at 2015-11-06 23:19:18 -0500

ActiveRecord::PendingMigrationError (

Migrations are pending. To resolve this issue, run:

	bin/rake db:migrate RAILS_ENV=development

):
  activerecord (4.2.4) lib/active_record/migration.rb:392:in `check_pending!'
  activerecord (4.2.4) lib/active_record/migration.rb:373:in `call'
  actionpack (4.2.4) lib/action_dispatch/middleware/callbacks.rb:29:in `block in call'
  activesupport (4.2.4) lib/active_support/callbacks.rb:88:in `__run_callbacks__'
  activesupport (4.2.4) lib/active_support/callbacks.rb:778:in `_run_call_callbacks'
  activesupport (4.2.4) lib/active_support/callbacks.rb:81:in `run_callbacks'
  actionpack (4.2.4) lib/action_dispatch/middleware/callbacks.rb:27:in `call'
  actionpack (4.2.4) lib/action_dispatch/middleware/reloader.rb:73:in `call'
  actionpack (4.2.4) lib/action_dispatch/middleware/remote_ip.rb:78:in `call'
  actionpack (4.2.4) lib/action_dispatch/middleware/debug_exceptions.rb:17:in `call'
  web-console (2.2.1) lib/web_console/middleware.rb:39:in `call'
  actionpack (4.2.4) lib/action_dispatch/middleware/show_exceptions.rb:30:in `call'
  railties (4.2.4) lib/rails/rack/logger.rb:38:in `call_app'
  railties (4.2.4) lib/rails/rack/logger.rb:20:in `block in call'
  activesupport (4.2.4) lib/active_support/tagged_logging.rb:68:in `block in tagged'
  activesupport (4.2.4) lib/active_support/tagged_logging.rb:26:in `tagged'
  activesupport (4.2.4) lib/active_support/tagged_logging.rb:68:in `tagged'
  railties (4.2.4) lib/rails/rack/logger.rb:20:in `call'
  actionpack (4.2.4) lib/action_dispatch/middleware/request_id.rb:21:in `call'
  rack (1.6.4) lib/rack/methodoverride.rb:22:in `call'
  rack (1.6.4) lib/rack/runtime.rb:18:in `call'
  activesupport (4.2.4) lib/active_support/cache/strategy/local_cache_middleware.rb:28:in `call'
  rack (1.6.4) lib/rack/lock.rb:17:in `call'
  actionpack (4.2.4) lib/action_dispatch/middleware/static.rb:116:in `call'
  rack (1.6.4) lib/rack/sendfile.rb:113:in `call'
  railties (4.2.4) lib/rails/engine.rb:518:in `call'
  railties (4.2.4) lib/rails/application.rb:165:in `call'
  rack (1.6.4) lib/rack/lock.rb:17:in `call'
  rack (1.6.4) lib/rack/content_length.rb:15:in `call'
  rack (1.6.4) lib/rack/handler/webrick.rb:88:in `service'
  /usr/local/Cellar/ruby/2.2.3/lib/ruby/2.2.0/webrick/httpserver.rb:138:in `service'
  /usr/local/Cellar/ruby/2.2.3/lib/ruby/2.2.0/webrick/httpserver.rb:94:in `run'
  /usr/local/Cellar/ruby/2.2.3/lib/ruby/2.2.0/webrick/server.rb:294:in `block in start_thread'


  Rendered /usr/local/lib/ruby/gems/2.2.0/gems/actionpack-4.2.4/lib/action_dispatch/middleware/templates/rescues/_source.erb (2.2ms)
  Rendered /usr/local/lib/ruby/gems/2.2.0/gems/actionpack-4.2.4/lib/action_dispatch/middleware/templates/rescues/_trace.html.erb (1.2ms)
  Rendered /usr/local/lib/ruby/gems/2.2.0/gems/actionpack-4.2.4/lib/action_dispatch/middleware/templates/rescues/_request_and_response.html.erb (0.8ms)
  Rendered /usr/local/lib/ruby/gems/2.2.0/gems/actionpack-4.2.4/lib/action_dispatch/middleware/templates/rescues/diagnostics.html.erb within rescues/layout (59.1ms)
  Rendered /usr/local/lib/ruby/gems/2.2.0/gems/web-console-2.2.1/lib/web_console/templates/_markup.html.erb (0.3ms)
  Rendered /usr/local/lib/ruby/gems/2.2.0/gems/web-console-2.2.1/lib/web_console/templates/_inner_console_markup.html.erb within layouts/inlined_string (0.3ms)
  Rendered /usr/local/lib/ruby/gems/2.2.0/gems/web-console-2.2.1/lib/web_console/templates/_prompt_box_markup.html.erb within layouts/inlined_string (0.3ms)
  Rendered /usr/local/lib/ruby/gems/2.2.0/gems/web-console-2.2.1/lib/web_console/templates/style.css.erb within layouts/inlined_string (0.3ms)
  Rendered /usr/local/lib/ruby/gems/2.2.0/gems/web-console-2.2.1/lib/web_console/templates/console.js.erb within layouts/javascript (40.7ms)
  Rendered /usr/local/lib/ruby/gems/2.2.0/gems/web-console-2.2.1/lib/web_console/templates/main.js.erb within layouts/javascript (0.3ms)
  Rendered /usr/local/lib/ruby/gems/2.2.0/gems/web-console-2.2.1/lib/web_console/templates/error_page.js.erb within layouts/javascript (0.5ms)
  Rendered /usr/local/lib/ruby/gems/2.2.0/gems/web-console-2.2.1/lib/web_console/templates/index.html.erb (91.5ms)
  [1m[36m (2.1ms)[0m  [1mCREATE TABLE "schema_migrations" ("version" varchar NOT NULL) [0m
  [1m[35m (0.1ms)[0m  select sqlite_version(*)
  [1m[36m (0.9ms)[0m  [1mCREATE UNIQUE INDEX "unique_schema_migrations" ON "schema_migrations" ("version")[0m
  [1m[35mActiveRecord::SchemaMigration Load (0.1ms)[0m  SELECT "schema_migrations".* FROM "schema_migrations"
Migrating to CreateLinks (20151105193534)
  [1m[36m (0.1ms)[0m  [1mbegin transaction[0m
  [1m[35m (0.3ms)[0m  CREATE TABLE "links" ("id" INTEGER PRIMARY KEY AUTOINCREMENT NOT NULL, "location" text, "vote_id" integer, "user_id" integer, "created_at" datetime NOT NULL, "updated_at" datetime NOT NULL) 
  [1m[36mSQL (0.1ms)[0m  [1mINSERT INTO "schema_migrations" ("version") VALUES (?)[0m  [["version", "20151105193534"]]
  [1m[35m (0.7ms)[0m  commit transaction
Migrating to AddTitleToLinks (20151105194952)
  [1m[36m (0.1ms)[0m  [1mbegin transaction[0m
  [1m[35m (0.3ms)[0m  ALTER TABLE "links" ADD "title" varchar
  [1m[36mSQL (0.1ms)[0m  [1mINSERT INTO "schema_migrations" ("version") VALUES (?)[0m  [["version", "20151105194952"]]
  [1m[35m (0.8ms)[0m  commit transaction
Migrating to CreateVotes (20151105214403)
  [1m[36m (0.0ms)[0m  [1mbegin transaction[0m
  [1m[35m (0.3ms)[0m  CREATE TABLE "votes" ("id" INTEGER PRIMARY KEY AUTOINCREMENT NOT NULL, "user_id" integer, "link_id" integer, "created_at" datetime NOT NULL, "updated_at" datetime NOT NULL) 
  [1m[36mSQL (0.1ms)[0m  [1mINSERT INTO "schema_migrations" ("version") VALUES (?)[0m  [["version", "20151105214403"]]
  [1m[35m (0.8ms)[0m  commit transaction
Migrating to CreateUsers (20151106045420)
  [1m[36m (0.0ms)[0m  [1mbegin transaction[0m
  [1m[35m (0.3ms)[0m  CREATE TABLE "users" ("id" INTEGER PRIMARY KEY AUTOINCREMENT NOT NULL, "username" varchar, "created_at" datetime NOT NULL, "updated_at" datetime NOT NULL) 
  [1m[36mSQL (0.1ms)[0m  [1mINSERT INTO "schema_migrations" ("version") VALUES (?)[0m  [["version", "20151106045420"]]
  [1m[35m (0.7ms)[0m  commit transaction
  [1m[36mActiveRecord::SchemaMigration Load (0.1ms)[0m  [1mSELECT "schema_migrations".* FROM "schema_migrations"[0m


Started POST "/links/use?link_id=10" for ::1 at 2015-11-06 23:19:43 -0500
  [1m[36mActiveRecord::SchemaMigration Load (0.1ms)[0m  [1mSELECT "schema_migrations".* FROM "schema_migrations"[0m
Processing by VotesController#use_link as HTML
  Parameters: {"authenticity_token"=>"ZJNXrguWoR69XeMdNxoXgGT4iRMVKmXBMNSkIoXJiW+OPEjSX5BYiogePt6xwUnx+Z4rUTM7ejlGW6PfGFUg5w==", "link_id"=>"10"}
Unpermitted parameters: _method, authenticity_token
  [1m[35m (0.1ms)[0m  begin transaction
  [1m[36mSQL (0.4ms)[0m  [1mINSERT INTO "votes" ("link_id", "created_at", "updated_at") VALUES (?, ?, ?)[0m  [["link_id", 10], ["created_at", "2015-11-07 04:19:43.470123"], ["updated_at", "2015-11-07 04:19:43.470123"]]
  [1m[35m (1.7ms)[0m  commit transaction
  [1m[36mLink Load (0.2ms)[0m  [1mSELECT  "links".* FROM "links" WHERE "links"."id" = ? LIMIT 1[0m  [["id", 10]]
Completed 500 Internal Server Error in 63ms (ActiveRecord: 3.0ms)

NoMethodError (undefined method `location' for nil:NilClass):
  app/controllers/votes_controller.rb:12:in `use_link'


  Rendered /usr/local/lib/ruby/gems/2.2.0/gems/actionpack-4.2.4/lib/action_dispatch/middleware/templates/rescues/_source.erb (3.7ms)
  Rendered /usr/local/lib/ruby/gems/2.2.0/gems/actionpack-4.2.4/lib/action_dispatch/middleware/templates/rescues/_trace.html.erb (2.4ms)
  Rendered /usr/local/lib/ruby/gems/2.2.0/gems/actionpack-4.2.4/lib/action_dispatch/middleware/templates/rescues/_request_and_response.html.erb (0.8ms)
  Rendered /usr/local/lib/ruby/gems/2.2.0/gems/actionpack-4.2.4/lib/action_dispatch/middleware/templates/rescues/diagnostics.html.erb within rescues/layout (49.6ms)
  Rendered /usr/local/lib/ruby/gems/2.2.0/gems/web-console-2.2.1/lib/web_console/templates/_markup.html.erb (0.4ms)
  Rendered /usr/local/lib/ruby/gems/2.2.0/gems/web-console-2.2.1/lib/web_console/templates/_inner_console_markup.html.erb within layouts/inlined_string (0.3ms)
  Rendered /usr/local/lib/ruby/gems/2.2.0/gems/web-console-2.2.1/lib/web_console/templates/_prompt_box_markup.html.erb within layouts/inlined_string (0.4ms)
  Rendered /usr/local/lib/ruby/gems/2.2.0/gems/web-console-2.2.1/lib/web_console/templates/style.css.erb within layouts/inlined_string (0.4ms)
  Rendered /usr/local/lib/ruby/gems/2.2.0/gems/web-console-2.2.1/lib/web_console/templates/console.js.erb within layouts/javascript (44.5ms)
  Rendered /usr/local/lib/ruby/gems/2.2.0/gems/web-console-2.2.1/lib/web_console/templates/main.js.erb within layouts/javascript (0.3ms)
  Rendered /usr/local/lib/ruby/gems/2.2.0/gems/web-console-2.2.1/lib/web_console/templates/error_page.js.erb within layouts/javascript (0.4ms)
  Rendered /usr/local/lib/ruby/gems/2.2.0/gems/web-console-2.2.1/lib/web_console/templates/index.html.erb (96.3ms)


Started POST "/links/use?link_id=4" for ::1 at 2015-11-06 23:19:57 -0500
Processing by VotesController#use_link as HTML
  Parameters: {"authenticity_token"=>"ZJNXrguWoR69XeMdNxoXgGT4iRMVKmXBMNSkIoXJiW+OPEjSX5BYiogePt6xwUnx+Z4rUTM7ejlGW6PfGFUg5w==", "link_id"=>"4"}
Unpermitted parameters: _method, authenticity_token
  [1m[35m (0.1ms)[0m  begin transaction
  [1m[36mSQL (0.4ms)[0m  [1mINSERT INTO "votes" ("link_id", "created_at", "updated_at") VALUES (?, ?, ?)[0m  [["link_id", 4], ["created_at", "2015-11-07 04:19:57.711301"], ["updated_at", "2015-11-07 04:19:57.711301"]]
  [1m[35m (1.6ms)[0m  commit transaction
  [1m[36mLink Load (0.1ms)[0m  [1mSELECT  "links".* FROM "links" WHERE "links"."id" = ? LIMIT 1[0m  [["id", 4]]
Completed 500 Internal Server Error in 6ms (ActiveRecord: 2.2ms)

NoMethodError (undefined method `location' for nil:NilClass):
  app/controllers/votes_controller.rb:12:in `use_link'


  Rendered /usr/local/lib/ruby/gems/2.2.0/gems/actionpack-4.2.4/lib/action_dispatch/middleware/templates/rescues/_source.erb (7.7ms)
  Rendered /usr/local/lib/ruby/gems/2.2.0/gems/actionpack-4.2.4/lib/action_dispatch/middleware/templates/rescues/_trace.html.erb (1.7ms)
  Rendered /usr/local/lib/ruby/gems/2.2.0/gems/actionpack-4.2.4/lib/action_dispatch/middleware/templates/rescues/_request_and_response.html.erb (0.8ms)
  Rendered /usr/local/lib/ruby/gems/2.2.0/gems/actionpack-4.2.4/lib/action_dispatch/middleware/templates/rescues/diagnostics.html.erb within rescues/layout (48.1ms)
  Rendered /usr/local/lib/ruby/gems/2.2.0/gems/web-console-2.2.1/lib/web_console/templates/_markup.html.erb (0.3ms)
  Rendered /usr/local/lib/ruby/gems/2.2.0/gems/web-console-2.2.1/lib/web_console/templates/_inner_console_markup.html.erb within layouts/inlined_string (0.3ms)
  Rendered /usr/local/lib/ruby/gems/2.2.0/gems/web-console-2.2.1/lib/web_console/templates/_prompt_box_markup.html.erb within layouts/inlined_string (0.2ms)
  Rendered /usr/local/lib/ruby/gems/2.2.0/gems/web-console-2.2.1/lib/web_console/templates/style.css.erb within layouts/inlined_string (0.3ms)
  Rendered /usr/local/lib/ruby/gems/2.2.0/gems/web-console-2.2.1/lib/web_console/templates/console.js.erb within layouts/javascript (37.9ms)
  Rendered /usr/local/lib/ruby/gems/2.2.0/gems/web-console-2.2.1/lib/web_console/templates/main.js.erb within layouts/javascript (0.2ms)
  Rendered /usr/local/lib/ruby/gems/2.2.0/gems/web-console-2.2.1/lib/web_console/templates/error_page.js.erb within layouts/javascript (0.4ms)
  Rendered /usr/local/lib/ruby/gems/2.2.0/gems/web-console-2.2.1/lib/web_console/templates/index.html.erb (83.4ms)


Started POST "/links/use?link_id=8" for ::1 at 2015-11-06 23:22:46 -0500
Processing by VotesController#use_link as HTML
  Parameters: {"authenticity_token"=>"ZJNXrguWoR69XeMdNxoXgGT4iRMVKmXBMNSkIoXJiW+OPEjSX5BYiogePt6xwUnx+Z4rUTM7ejlGW6PfGFUg5w==", "link_id"=>"8"}
Unpermitted parameters: _method, authenticity_token
  [1m[35m (0.0ms)[0m  begin transaction
  [1m[36mSQL (0.3ms)[0m  [1mINSERT INTO "votes" ("link_id", "created_at", "updated_at") VALUES (?, ?, ?)[0m  [["link_id", 8], ["created_at", "2015-11-07 04:22:46.206437"], ["updated_at", "2015-11-07 04:22:46.206437"]]
  [1m[35m (1.5ms)[0m  commit transaction
  [1m[36mLink Load (0.1ms)[0m  [1mSELECT  "links".* FROM "links" WHERE "links"."id" = ? LIMIT 1[0m  [["id", 8]]
Completed 500 Internal Server Error in 15ms (ActiveRecord: 2.7ms)

NoMethodError (undefined method `location' for nil:NilClass):
  app/controllers/votes_controller.rb:12:in `use_link'


  Rendered /usr/local/lib/ruby/gems/2.2.0/gems/actionpack-4.2.4/lib/action_dispatch/middleware/templates/rescues/_source.erb (8.3ms)
  Rendered /usr/local/lib/ruby/gems/2.2.0/gems/actionpack-4.2.4/lib/action_dispatch/middleware/templates/rescues/_trace.html.erb (1.9ms)
  Rendered /usr/local/lib/ruby/gems/2.2.0/gems/actionpack-4.2.4/lib/action_dispatch/middleware/templates/rescues/_request_and_response.html.erb (0.9ms)
  Rendered /usr/local/lib/ruby/gems/2.2.0/gems/actionpack-4.2.4/lib/action_dispatch/middleware/templates/rescues/diagnostics.html.erb within rescues/layout (56.6ms)
  Rendered /usr/local/lib/ruby/gems/2.2.0/gems/web-console-2.2.1/lib/web_console/templates/_markup.html.erb (0.2ms)
  Rendered /usr/local/lib/ruby/gems/2.2.0/gems/web-console-2.2.1/lib/web_console/templates/_inner_console_markup.html.erb within layouts/inlined_string (0.2ms)
  Rendered /usr/local/lib/ruby/gems/2.2.0/gems/web-console-2.2.1/lib/web_console/templates/_prompt_box_markup.html.erb within layouts/inlined_string (0.2ms)
  Rendered /usr/local/lib/ruby/gems/2.2.0/gems/web-console-2.2.1/lib/web_console/templates/style.css.erb within layouts/inlined_string (0.3ms)
  Rendered /usr/local/lib/ruby/gems/2.2.0/gems/web-console-2.2.1/lib/web_console/templates/console.js.erb within layouts/javascript (37.8ms)
  Rendered /usr/local/lib/ruby/gems/2.2.0/gems/web-console-2.2.1/lib/web_console/templates/main.js.erb within layouts/javascript (0.2ms)
  Rendered /usr/local/lib/ruby/gems/2.2.0/gems/web-console-2.2.1/lib/web_console/templates/error_page.js.erb within layouts/javascript (0.4ms)
  Rendered /usr/local/lib/ruby/gems/2.2.0/gems/web-console-2.2.1/lib/web_console/templates/index.html.erb (82.9ms)


Started POST "/links/use?link_id=4" for ::1 at 2015-11-06 23:22:54 -0500
Processing by VotesController#use_link as HTML
  Parameters: {"authenticity_token"=>"ZJNXrguWoR69XeMdNxoXgGT4iRMVKmXBMNSkIoXJiW+OPEjSX5BYiogePt6xwUnx+Z4rUTM7ejlGW6PfGFUg5w==", "link_id"=>"4"}
Unpermitted parameters: _method, authenticity_token
  [1m[35m (0.1ms)[0m  begin transaction
  [1m[36mSQL (0.3ms)[0m  [1mINSERT INTO "votes" ("link_id", "created_at", "updated_at") VALUES (?, ?, ?)[0m  [["link_id", 4], ["created_at", "2015-11-07 04:22:54.012210"], ["updated_at", "2015-11-07 04:22:54.012210"]]
  [1m[35m (1.6ms)[0m  commit transaction
  [1m[36mLink Load (0.1ms)[0m  [1mSELECT  "links".* FROM "links" WHERE "links"."id" = ? LIMIT 1[0m  [["id", 4]]
Completed 500 Internal Server Error in 5ms (ActiveRecord: 2.0ms)

NoMethodError (undefined method `location' for nil:NilClass):
  app/controllers/votes_controller.rb:12:in `use_link'


  Rendered /usr/local/lib/ruby/gems/2.2.0/gems/actionpack-4.2.4/lib/action_dispatch/middleware/templates/rescues/_source.erb (4.0ms)
  Rendered /usr/local/lib/ruby/gems/2.2.0/gems/actionpack-4.2.4/lib/action_dispatch/middleware/templates/rescues/_trace.html.erb (1.8ms)
  Rendered /usr/local/lib/ruby/gems/2.2.0/gems/actionpack-4.2.4/lib/action_dispatch/middleware/templates/rescues/_request_and_response.html.erb (0.9ms)
  Rendered /usr/local/lib/ruby/gems/2.2.0/gems/actionpack-4.2.4/lib/action_dispatch/middleware/templates/rescues/diagnostics.html.erb within rescues/layout (46.4ms)
  Rendered /usr/local/lib/ruby/gems/2.2.0/gems/web-console-2.2.1/lib/web_console/templates/_markup.html.erb (0.4ms)
  Rendered /usr/local/lib/ruby/gems/2.2.0/gems/web-console-2.2.1/lib/web_console/templates/_inner_console_markup.html.erb within layouts/inlined_string (0.5ms)
  Rendered /usr/local/lib/ruby/gems/2.2.0/gems/web-console-2.2.1/lib/web_console/templates/_prompt_box_markup.html.erb within layouts/inlined_string (0.3ms)
  Rendered /usr/local/lib/ruby/gems/2.2.0/gems/web-console-2.2.1/lib/web_console/templates/style.css.erb within layouts/inlined_string (0.3ms)
  Rendered /usr/local/lib/ruby/gems/2.2.0/gems/web-console-2.2.1/lib/web_console/templates/console.js.erb within layouts/javascript (40.7ms)
  Rendered /usr/local/lib/ruby/gems/2.2.0/gems/web-console-2.2.1/lib/web_console/templates/main.js.erb within layouts/javascript (0.3ms)
  Rendered /usr/local/lib/ruby/gems/2.2.0/gems/web-console-2.2.1/lib/web_console/templates/error_page.js.erb within layouts/javascript (0.3ms)
  Rendered /usr/local/lib/ruby/gems/2.2.0/gems/web-console-2.2.1/lib/web_console/templates/index.html.erb (87.4ms)


Started POST "/links/use?link_id=6" for ::1 at 2015-11-06 23:23:00 -0500
Processing by VotesController#use_link as HTML
  Parameters: {"authenticity_token"=>"ZJNXrguWoR69XeMdNxoXgGT4iRMVKmXBMNSkIoXJiW+OPEjSX5BYiogePt6xwUnx+Z4rUTM7ejlGW6PfGFUg5w==", "link_id"=>"6"}
Unpermitted parameters: _method, authenticity_token
  [1m[35m (0.1ms)[0m  begin transaction
  [1m[36mSQL (0.3ms)[0m  [1mINSERT INTO "votes" ("link_id", "created_at", "updated_at") VALUES (?, ?, ?)[0m  [["link_id", 6], ["created_at", "2015-11-07 04:23:00.691058"], ["updated_at", "2015-11-07 04:23:00.691058"]]
  [1m[35m (1.6ms)[0m  commit transaction
  [1m[36mLink Load (0.2ms)[0m  [1mSELECT  "links".* FROM "links" WHERE "links"."id" = ? LIMIT 1[0m  [["id", 6]]
Completed 500 Internal Server Error in 6ms (ActiveRecord: 2.2ms)

NoMethodError (undefined method `location' for nil:NilClass):
  app/controllers/votes_controller.rb:12:in `use_link'


  Rendered /usr/local/lib/ruby/gems/2.2.0/gems/actionpack-4.2.4/lib/action_dispatch/middleware/templates/rescues/_source.erb (4.1ms)
  Rendered /usr/local/lib/ruby/gems/2.2.0/gems/actionpack-4.2.4/lib/action_dispatch/middleware/templates/rescues/_trace.html.erb (1.7ms)
  Rendered /usr/local/lib/ruby/gems/2.2.0/gems/actionpack-4.2.4/lib/action_dispatch/middleware/templates/rescues/_request_and_response.html.erb (0.8ms)
  Rendered /usr/local/lib/ruby/gems/2.2.0/gems/actionpack-4.2.4/lib/action_dispatch/middleware/templates/rescues/diagnostics.html.erb within rescues/layout (46.9ms)
  Rendered /usr/local/lib/ruby/gems/2.2.0/gems/web-console-2.2.1/lib/web_console/templates/_markup.html.erb (0.3ms)
  Rendered /usr/local/lib/ruby/gems/2.2.0/gems/web-console-2.2.1/lib/web_console/templates/_inner_console_markup.html.erb within layouts/inlined_string (0.3ms)
  Rendered /usr/local/lib/ruby/gems/2.2.0/gems/web-console-2.2.1/lib/web_console/templates/_prompt_box_markup.html.erb within layouts/inlined_string (0.3ms)
  Rendered /usr/local/lib/ruby/gems/2.2.0/gems/web-console-2.2.1/lib/web_console/templates/style.css.erb within layouts/inlined_string (0.3ms)
  Rendered /usr/local/lib/ruby/gems/2.2.0/gems/web-console-2.2.1/lib/web_console/templates/console.js.erb within layouts/javascript (39.9ms)
  Rendered /usr/local/lib/ruby/gems/2.2.0/gems/web-console-2.2.1/lib/web_console/templates/main.js.erb within layouts/javascript (0.3ms)
  Rendered /usr/local/lib/ruby/gems/2.2.0/gems/web-console-2.2.1/lib/web_console/templates/error_page.js.erb within layouts/javascript (0.4ms)
  Rendered /usr/local/lib/ruby/gems/2.2.0/gems/web-console-2.2.1/lib/web_console/templates/index.html.erb (87.1ms)


Started GET "/" for ::1 at 2015-11-06 23:23:31 -0500
Processing by LinksController#index as HTML
  [1m[35mLink Load (0.1ms)[0m  SELECT "links".* FROM "links"
  [1m[36mUser Load (0.1ms)[0m  [1mSELECT "users".* FROM "users"[0m
  Rendered links/index.html.erb within layouts/application (3.9ms)
Completed 200 OK in 4296ms (Views: 4293.9ms | ActiveRecord: 0.4ms)


Started POST "/votes?link_id=6" for ::1 at 2015-11-06 23:23:35 -0500
Processing by VotesController#create as HTML
  Parameters: {"authenticity_token"=>"ZJNXrguWoR69XeMdNxoXgGT4iRMVKmXBMNSkIoXJiW+OPEjSX5BYiogePt6xwUnx+Z4rUTM7ejlGW6PfGFUg5w==", "link_id"=>"6"}
Unpermitted parameters: _method, authenticity_token
  [1m[35m (0.1ms)[0m  begin transaction
  [1m[36mSQL (0.3ms)[0m  [1mINSERT INTO "votes" ("link_id", "created_at", "updated_at") VALUES (?, ?, ?)[0m  [["link_id", 6], ["created_at", "2015-11-07 04:23:35.460778"], ["updated_at", "2015-11-07 04:23:35.460778"]]
  [1m[35m (1.2ms)[0m  commit transaction
Redirected to http://localhost:3000/
Completed 302 Found in 5ms (ActiveRecord: 1.6ms)


Started GET "/" for ::1 at 2015-11-06 23:23:35 -0500
Processing by LinksController#index as HTML
  [1m[36mLink Load (0.1ms)[0m  [1mSELECT "links".* FROM "links"[0m
  [1m[35mUser Load (0.1ms)[0m  SELECT "users".* FROM "users"
  Rendered links/index.html.erb within layouts/application (0.6ms)
Completed 200 OK in 85ms (Views: 83.8ms | ActiveRecord: 0.3ms)


Started GET "/assets/jumbotron" for ::1 at 2015-11-06 23:23:35 -0500


Started GET "/" for ::1 at 2015-11-06 23:23:46 -0500
Processing by LinksController#index as HTML
  [1m[36mLink Load (0.1ms)[0m  [1mSELECT "links".* FROM "links"[0m
  [1m[35mUser Load (0.1ms)[0m  SELECT "users".* FROM "users"
  Rendered links/index.html.erb within layouts/application (0.7ms)
Completed 200 OK in 138ms (Views: 136.4ms | ActiveRecord: 0.2ms)


Started GET "/assets/application.self-963c3f1bfdb6856d7b330b9a0877770f10c016e42ca8f5542af5de29695853f1.css?body=1" for ::1 at 2015-11-06 23:23:46 -0500


Started GET "/assets/jquery.self-a714331225dda820228db323939889f149aec0127aeb06255646b616ba1ca419.js?body=1" for ::1 at 2015-11-06 23:23:46 -0500


Started GET "/assets/jquery_ujs.self-d456baa54c1fa6be2ec3711f0a72ddf7a5b2f34a6b4f515f33767d6207b7d4b3.js?body=1" for ::1 at 2015-11-06 23:23:46 -0500


Started GET "/assets/turbolinks.self-c37727e9bd6b2735da5c311aa83fead54ed0be6cc8bd9a65309e9c5abe2cbfff.js?body=1" for ::1 at 2015-11-06 23:23:46 -0500


Started GET "/assets/links.self-877aef30ae1b040ab8a3aba4e3e309a11d7f2612f44dde450b5c157aa5f95c05.js?body=1" for ::1 at 2015-11-06 23:23:46 -0500


Started GET "/assets/users.self-877aef30ae1b040ab8a3aba4e3e309a11d7f2612f44dde450b5c157aa5f95c05.js?body=1" for ::1 at 2015-11-06 23:23:46 -0500


Started GET "/assets/votes.self-877aef30ae1b040ab8a3aba4e3e309a11d7f2612f44dde450b5c157aa5f95c05.js?body=1" for ::1 at 2015-11-06 23:23:46 -0500


Started GET "/assets/application.self-3b8dabdc891efe46b9a144b400ad69e37d7e5876bdc39dee783419a69d7ca819.js?body=1" for ::1 at 2015-11-06 23:23:46 -0500


Started GET "/assets/jumbotron" for ::1 at 2015-11-06 23:23:46 -0500
  [1m[36mLink Load (1.2ms)[0m  [1mSELECT "links".* FROM "links"[0m
  [1m[36mActiveRecord::SchemaMigration Load (0.1ms)[0m  [1mSELECT "schema_migrations".* FROM "schema_migrations"[0m
  [1m[35m (0.1ms)[0m  begin transaction
  [1m[36mSQL (0.4ms)[0m  [1mINSERT INTO "users" ("username", "created_at", "updated_at") VALUES (?, ?, ?)[0m  [["username", "MattFair"], ["created_at", "2015-11-07 04:24:23.947953"], ["updated_at", "2015-11-07 04:24:23.947953"]]
  [1m[35m (1.7ms)[0m  commit transaction
  [1m[36m (0.1ms)[0m  [1mbegin transaction[0m
  [1m[35mSQL (0.5ms)[0m  INSERT INTO "links" ("title", "location", "user_id", "created_at", "updated_at") VALUES (?, ?, ?, ?, ?)  [["title", "Yahoo!"], ["location", "http://www.yahoo.com"], ["user_id", 1], ["created_at", "2015-11-07 04:24:23.974877"], ["updated_at", "2015-11-07 04:24:23.974877"]]
  [1m[36m (1.1ms)[0m  [1mcommit transaction[0m
  [1m[35m (0.1ms)[0m  begin transaction
  [1m[36mSQL (0.4ms)[0m  [1mINSERT INTO "links" ("title", "location", "user_id", "created_at", "updated_at") VALUES (?, ?, ?, ?, ?)[0m  [["title", "Google"], ["location", "http://www.google.com"], ["user_id", 1], ["created_at", "2015-11-07 04:24:23.978445"], ["updated_at", "2015-11-07 04:24:23.978445"]]
  [1m[35m (0.9ms)[0m  commit transaction
  [1m[36m (0.1ms)[0m  [1mbegin transaction[0m
  [1m[35mSQL (0.3ms)[0m  INSERT INTO "links" ("title", "location", "user_id", "created_at", "updated_at") VALUES (?, ?, ?, ?, ?)  [["title", "AOL"], ["location", "http://www.aol.com"], ["user_id", 1], ["created_at", "2015-11-07 04:24:23.981825"], ["updated_at", "2015-11-07 04:24:23.981825"]]
  [1m[36m (0.8ms)[0m  [1mcommit transaction[0m
  [1m[35m (0.1ms)[0m  begin transaction
  [1m[36mSQL (0.3ms)[0m  [1mINSERT INTO "links" ("title", "location", "user_id", "created_at", "updated_at") VALUES (?, ?, ?, ?, ?)[0m  [["title", "Reddit"], ["location", "http://www.reddit.com"], ["user_id", 1], ["created_at", "2015-11-07 04:24:23.984658"], ["updated_at", "2015-11-07 04:24:23.984658"]]
  [1m[35m (0.9ms)[0m  commit transaction
  [1m[36m (0.1ms)[0m  [1mbegin transaction[0m
  [1m[35mSQL (0.3ms)[0m  INSERT INTO "links" ("title", "location", "user_id", "created_at", "updated_at") VALUES (?, ?, ?, ?, ?)  [["title", "Apple"], ["location", "http://www.apple.com"], ["user_id", 1], ["created_at", "2015-11-07 04:24:23.987715"], ["updated_at", "2015-11-07 04:24:23.987715"]]
  [1m[36m (0.9ms)[0m  [1mcommit transaction[0m
  [1m[35m (0.1ms)[0m  begin transaction
  [1m[36mSQL (0.3ms)[0m  [1mINSERT INTO "links" ("title", "location", "user_id", "created_at", "updated_at") VALUES (?, ?, ?, ?, ?)[0m  [["title", "Facebook"], ["location", "http://www.facebook.com"], ["user_id", 1], ["created_at", "2015-11-07 04:24:23.990981"], ["updated_at", "2015-11-07 04:24:23.990981"]]
  [1m[35m (1.0ms)[0m  commit transaction
  [1m[36m (0.1ms)[0m  [1mbegin transaction[0m
  [1m[35mSQL (0.3ms)[0m  INSERT INTO "links" ("title", "location", "user_id", "created_at", "updated_at") VALUES (?, ?, ?, ?, ?)  [["title", "Stack Overflow"], ["location", "http://www.stackoverflow.com"], ["user_id", 1], ["created_at", "2015-11-07 04:24:23.993891"], ["updated_at", "2015-11-07 04:24:23.993891"]]
  [1m[36m (1.0ms)[0m  [1mcommit transaction[0m
  [1m[35m (0.1ms)[0m  begin transaction
  [1m[36mSQL (0.3ms)[0m  [1mINSERT INTO "links" ("title", "location", "user_id", "created_at", "updated_at") VALUES (?, ?, ?, ?, ?)[0m  [["title", "Ask"], ["location", "http://www.ask.com"], ["user_id", 1], ["created_at", "2015-11-07 04:24:23.996832"], ["updated_at", "2015-11-07 04:24:23.996832"]]
  [1m[35m (0.9ms)[0m  commit transaction
  [1m[36m (0.1ms)[0m  [1mbegin transaction[0m
  [1m[35mSQL (0.3ms)[0m  INSERT INTO "links" ("title", "location", "user_id", "created_at", "updated_at") VALUES (?, ?, ?, ?, ?)  [["title", "Ben Folds"], ["location", "http://www.benfolds.com"], ["user_id", 1], ["created_at", "2015-11-07 04:24:23.999799"], ["updated_at", "2015-11-07 04:24:23.999799"]]
  [1m[36m (0.8ms)[0m  [1mcommit transaction[0m


Started GET "/" for ::1 at 2015-11-06 23:24:27 -0500
Processing by LinksController#index as HTML
  [1m[36mLink Load (0.2ms)[0m  [1mSELECT "links".* FROM "links"[0m
  [1m[35m (0.2ms)[0m  SELECT COUNT(*) FROM "votes" WHERE "votes"."link_id" = ?  [["link_id", 1]]
  [1m[36m (0.1ms)[0m  [1mSELECT COUNT(*) FROM "votes" WHERE "votes"."link_id" = ?[0m  [["link_id", 2]]
  [1m[35m (0.1ms)[0m  SELECT COUNT(*) FROM "votes" WHERE "votes"."link_id" = ?  [["link_id", 3]]
  [1m[36m (0.1ms)[0m  [1mSELECT COUNT(*) FROM "votes" WHERE "votes"."link_id" = ?[0m  [["link_id", 4]]
  [1m[35m (0.1ms)[0m  SELECT COUNT(*) FROM "votes" WHERE "votes"."link_id" = ?  [["link_id", 5]]
  [1m[36m (0.1ms)[0m  [1mSELECT COUNT(*) FROM "votes" WHERE "votes"."link_id" = ?[0m  [["link_id", 6]]
  [1m[35m (0.1ms)[0m  SELECT COUNT(*) FROM "votes" WHERE "votes"."link_id" = ?  [["link_id", 7]]
  [1m[36m (0.1ms)[0m  [1mSELECT COUNT(*) FROM "votes" WHERE "votes"."link_id" = ?[0m  [["link_id", 8]]
  [1m[35m (0.1ms)[0m  SELECT COUNT(*) FROM "votes" WHERE "votes"."link_id" = ?  [["link_id", 9]]
  [1m[36mCACHE (0.0ms)[0m  [1mSELECT COUNT(*) FROM "votes" WHERE "votes"."link_id" = ?[0m  [["link_id", 4]]
  [1m[35mCACHE (0.0ms)[0m  SELECT COUNT(*) FROM "votes" WHERE "votes"."link_id" = ?  [["link_id", 4]]
  [1m[36mVote Load (0.1ms)[0m  [1mSELECT  "votes".* FROM "votes" WHERE "votes"."link_id" = ?  ORDER BY "votes"."id" DESC LIMIT 1[0m  [["link_id", 4]]
  [1m[35mUser Load (0.1ms)[0m  SELECT  "users".* FROM "users" WHERE "users"."id" = ? LIMIT 1  [["id", 1]]
  [1m[36mCACHE (0.0ms)[0m  [1mSELECT COUNT(*) FROM "votes" WHERE "votes"."link_id" = ?[0m  [["link_id", 6]]
  [1m[35mCACHE (0.0ms)[0m  SELECT COUNT(*) FROM "votes" WHERE "votes"."link_id" = ?  [["link_id", 6]]
  [1m[36mVote Load (0.1ms)[0m  [1mSELECT  "votes".* FROM "votes" WHERE "votes"."link_id" = ?  ORDER BY "votes"."id" DESC LIMIT 1[0m  [["link_id", 6]]
  [1m[35mCACHE (0.0ms)[0m  SELECT  "users".* FROM "users" WHERE "users"."id" = ? LIMIT 1  [["id", 1]]
  [1m[36mCACHE (0.0ms)[0m  [1mSELECT COUNT(*) FROM "votes" WHERE "votes"."link_id" = ?[0m  [["link_id", 8]]
  [1m[35mCACHE (0.1ms)[0m  SELECT COUNT(*) FROM "votes" WHERE "votes"."link_id" = ?  [["link_id", 8]]
  [1m[36mVote Load (0.1ms)[0m  [1mSELECT  "votes".* FROM "votes" WHERE "votes"."link_id" = ?  ORDER BY "votes"."id" DESC LIMIT 1[0m  [["link_id", 8]]
  [1m[35mCACHE (0.0ms)[0m  SELECT  "users".* FROM "users" WHERE "users"."id" = ? LIMIT 1  [["id", 1]]
  [1m[36mCACHE (0.0ms)[0m  [1mSELECT COUNT(*) FROM "votes" WHERE "votes"."link_id" = ?[0m  [["link_id", 5]]
  [1m[35mCACHE (0.0ms)[0m  SELECT COUNT(*) FROM "votes" WHERE "votes"."link_id" = ?  [["link_id", 5]]
  [1m[36mCACHE (0.0ms)[0m  [1mSELECT  "users".* FROM "users" WHERE "users"."id" = ? LIMIT 1[0m  [["id", 1]]
  [1m[35mCACHE (0.0ms)[0m  SELECT COUNT(*) FROM "votes" WHERE "votes"."link_id" = ?  [["link_id", 7]]
  [1m[36mCACHE (0.0ms)[0m  [1mSELECT COUNT(*) FROM "votes" WHERE "votes"."link_id" = ?[0m  [["link_id", 7]]
  [1m[35mCACHE (0.0ms)[0m  SELECT  "users".* FROM "users" WHERE "users"."id" = ? LIMIT 1  [["id", 1]]
  [1m[36mCACHE (0.0ms)[0m  [1mSELECT COUNT(*) FROM "votes" WHERE "votes"."link_id" = ?[0m  [["link_id", 9]]
  [1m[35mCACHE (0.0ms)[0m  SELECT COUNT(*) FROM "votes" WHERE "votes"."link_id" = ?  [["link_id", 9]]
  [1m[36mCACHE (0.0ms)[0m  [1mSELECT  "users".* FROM "users" WHERE "users"."id" = ? LIMIT 1[0m  [["id", 1]]
  [1m[35mCACHE (0.0ms)[0m  SELECT COUNT(*) FROM "votes" WHERE "votes"."link_id" = ?  [["link_id", 3]]
  [1m[36mCACHE (0.0ms)[0m  [1mSELECT COUNT(*) FROM "votes" WHERE "votes"."link_id" = ?[0m  [["link_id", 3]]
  [1m[35mCACHE (0.0ms)[0m  SELECT  "users".* FROM "users" WHERE "users"."id" = ? LIMIT 1  [["id", 1]]
  [1m[36mCACHE (0.0ms)[0m  [1mSELECT COUNT(*) FROM "votes" WHERE "votes"."link_id" = ?[0m  [["link_id", 2]]
  [1m[35mCACHE (0.0ms)[0m  SELECT COUNT(*) FROM "votes" WHERE "votes"."link_id" = ?  [["link_id", 2]]
  [1m[36mCACHE (0.0ms)[0m  [1mSELECT  "users".* FROM "users" WHERE "users"."id" = ? LIMIT 1[0m  [["id", 1]]
  [1m[35mCACHE (0.0ms)[0m  SELECT COUNT(*) FROM "votes" WHERE "votes"."link_id" = ?  [["link_id", 1]]
  [1m[36mCACHE (0.0ms)[0m  [1mSELECT COUNT(*) FROM "votes" WHERE "votes"."link_id" = ?[0m  [["link_id", 1]]
  [1m[35mCACHE (0.0ms)[0m  SELECT  "users".* FROM "users" WHERE "users"."id" = ? LIMIT 1  [["id", 1]]
  [1m[36mUser Load (0.2ms)[0m  [1mSELECT "users".* FROM "users"[0m
  [1m[35m (0.1ms)[0m  SELECT COUNT(*) FROM "links" WHERE "links"."user_id" = ?  [["user_id", 1]]
  Rendered links/index.html.erb within layouts/application (34.8ms)
Completed 200 OK in 143ms (Views: 110.6ms | ActiveRecord: 2.5ms)


Started GET "/assets/application.self-963c3f1bfdb6856d7b330b9a0877770f10c016e42ca8f5542af5de29695853f1.css?body=1" for ::1 at 2015-11-06 23:24:27 -0500


Started GET "/assets/jquery.self-a714331225dda820228db323939889f149aec0127aeb06255646b616ba1ca419.js?body=1" for ::1 at 2015-11-06 23:24:27 -0500


Started GET "/assets/links.self-877aef30ae1b040ab8a3aba4e3e309a11d7f2612f44dde450b5c157aa5f95c05.js?body=1" for ::1 at 2015-11-06 23:24:27 -0500


Started GET "/assets/users.self-877aef30ae1b040ab8a3aba4e3e309a11d7f2612f44dde450b5c157aa5f95c05.js?body=1" for ::1 at 2015-11-06 23:24:27 -0500


Started GET "/assets/votes.self-877aef30ae1b040ab8a3aba4e3e309a11d7f2612f44dde450b5c157aa5f95c05.js?body=1" for ::1 at 2015-11-06 23:24:27 -0500


Started GET "/assets/turbolinks.self-c37727e9bd6b2735da5c311aa83fead54ed0be6cc8bd9a65309e9c5abe2cbfff.js?body=1" for ::1 at 2015-11-06 23:24:27 -0500


Started GET "/assets/jquery_ujs.self-d456baa54c1fa6be2ec3711f0a72ddf7a5b2f34a6b4f515f33767d6207b7d4b3.js?body=1" for ::1 at 2015-11-06 23:24:27 -0500


Started GET "/assets/application.self-3b8dabdc891efe46b9a144b400ad69e37d7e5876bdc39dee783419a69d7ca819.js?body=1" for ::1 at 2015-11-06 23:24:27 -0500


Started GET "/assets/jumbotron" for ::1 at 2015-11-06 23:24:27 -0500


Started GET "/assets/bootstrap/glyphicons-halflings-regular-fe185d11a49676890d47bb783312a0cda5a44c4039214094e7957b4c040ef11c.woff2" for ::1 at 2015-11-06 23:24:27 -0500


Started POST "/links/use?link_id=6" for ::1 at 2015-11-06 23:24:29 -0500
Processing by VotesController#use_link as HTML
  Parameters: {"authenticity_token"=>"gHs/DhyREFQm6i7caVLcd4L2TXthl20O9dYnqEq/dg1q1CBySJfpwBOp8x/viYIGH5DvOUeGcvaDWSBV1yPfhQ==", "link_id"=>"6"}
Unpermitted parameters: _method, authenticity_token
  [1m[36m (0.1ms)[0m  [1mbegin transaction[0m
  [1m[35mSQL (0.3ms)[0m  INSERT INTO "votes" ("link_id", "created_at", "updated_at") VALUES (?, ?, ?)  [["link_id", 6], ["created_at", "2015-11-07 04:24:29.221345"], ["updated_at", "2015-11-07 04:24:29.221345"]]
  [1m[36m (1.6ms)[0m  [1mcommit transaction[0m
  [1m[35mLink Load (0.1ms)[0m  SELECT  "links".* FROM "links" WHERE "links"."id" = ? LIMIT 1  [["id", 6]]
Redirected to http://www.facebook.com
Completed 302 Found in 7ms (ActiveRecord: 2.1ms)


Started GET "/" for ::1 at 2015-11-06 23:24:43 -0500
Processing by LinksController#index as HTML
  [1m[36mLink Load (0.2ms)[0m  [1mSELECT "links".* FROM "links"[0m
  [1m[35m (0.2ms)[0m  SELECT COUNT(*) FROM "votes" WHERE "votes"."link_id" = ?  [["link_id", 1]]
  [1m[36m (0.1ms)[0m  [1mSELECT COUNT(*) FROM "votes" WHERE "votes"."link_id" = ?[0m  [["link_id", 2]]
  [1m[35m (0.1ms)[0m  SELECT COUNT(*) FROM "votes" WHERE "votes"."link_id" = ?  [["link_id", 3]]
  [1m[36m (0.1ms)[0m  [1mSELECT COUNT(*) FROM "votes" WHERE "votes"."link_id" = ?[0m  [["link_id", 4]]
  [1m[35m (0.1ms)[0m  SELECT COUNT(*) FROM "votes" WHERE "votes"."link_id" = ?  [["link_id", 5]]
  [1m[36m (0.1ms)[0m  [1mSELECT COUNT(*) FROM "votes" WHERE "votes"."link_id" = ?[0m  [["link_id", 6]]
  [1m[35m (0.1ms)[0m  SELECT COUNT(*) FROM "votes" WHERE "votes"."link_id" = ?  [["link_id", 7]]
  [1m[36m (0.1ms)[0m  [1mSELECT COUNT(*) FROM "votes" WHERE "votes"."link_id" = ?[0m  [["link_id", 8]]
  [1m[35m (0.1ms)[0m  SELECT COUNT(*) FROM "votes" WHERE "votes"."link_id" = ?  [["link_id", 9]]
  [1m[36mCACHE (0.0ms)[0m  [1mSELECT COUNT(*) FROM "votes" WHERE "votes"."link_id" = ?[0m  [["link_id", 6]]
  [1m[35mCACHE (0.0ms)[0m  SELECT COUNT(*) FROM "votes" WHERE "votes"."link_id" = ?  [["link_id", 6]]
  [1m[36mVote Load (0.1ms)[0m  [1mSELECT  "votes".* FROM "votes" WHERE "votes"."link_id" = ?  ORDER BY "votes"."id" DESC LIMIT 1[0m  [["link_id", 6]]
  [1m[35mUser Load (0.1ms)[0m  SELECT  "users".* FROM "users" WHERE "users"."id" = ? LIMIT 1  [["id", 1]]
  [1m[36mCACHE (0.0ms)[0m  [1mSELECT COUNT(*) FROM "votes" WHERE "votes"."link_id" = ?[0m  [["link_id", 4]]
  [1m[35mCACHE (0.0ms)[0m  SELECT COUNT(*) FROM "votes" WHERE "votes"."link_id" = ?  [["link_id", 4]]
  [1m[36mVote Load (0.1ms)[0m  [1mSELECT  "votes".* FROM "votes" WHERE "votes"."link_id" = ?  ORDER BY "votes"."id" DESC LIMIT 1[0m  [["link_id", 4]]
  [1m[35mCACHE (0.0ms)[0m  SELECT  "users".* FROM "users" WHERE "users"."id" = ? LIMIT 1  [["id", 1]]
  [1m[36mCACHE (0.0ms)[0m  [1mSELECT COUNT(*) FROM "votes" WHERE "votes"."link_id" = ?[0m  [["link_id", 8]]
  [1m[35mCACHE (0.0ms)[0m  SELECT COUNT(*) FROM "votes" WHERE "votes"."link_id" = ?  [["link_id", 8]]
  [1m[36mVote Load (0.1ms)[0m  [1mSELECT  "votes".* FROM "votes" WHERE "votes"."link_id" = ?  ORDER BY "votes"."id" DESC LIMIT 1[0m  [["link_id", 8]]
  [1m[35mCACHE (0.0ms)[0m  SELECT  "users".* FROM "users" WHERE "users"."id" = ? LIMIT 1  [["id", 1]]
  [1m[36mCACHE (0.0ms)[0m  [1mSELECT COUNT(*) FROM "votes" WHERE "votes"."link_id" = ?[0m  [["link_id", 5]]
  [1m[35mCACHE (0.0ms)[0m  SELECT COUNT(*) FROM "votes" WHERE "votes"."link_id" = ?  [["link_id", 5]]
  [1m[36mCACHE (0.0ms)[0m  [1mSELECT  "users".* FROM "users" WHERE "users"."id" = ? LIMIT 1[0m  [["id", 1]]
  [1m[35mCACHE (0.0ms)[0m  SELECT COUNT(*) FROM "votes" WHERE "votes"."link_id" = ?  [["link_id", 7]]
  [1m[36mCACHE (0.0ms)[0m  [1mSELECT COUNT(*) FROM "votes" WHERE "votes"."link_id" = ?[0m  [["link_id", 7]]
  [1m[35mCACHE (0.0ms)[0m  SELECT  "users".* FROM "users" WHERE "users"."id" = ? LIMIT 1  [["id", 1]]
  [1m[36mCACHE (0.0ms)[0m  [1mSELECT COUNT(*) FROM "votes" WHERE "votes"."link_id" = ?[0m  [["link_id", 9]]
  [1m[35mCACHE (0.0ms)[0m  SELECT COUNT(*) FROM "votes" WHERE "votes"."link_id" = ?  [["link_id", 9]]
  [1m[36mCACHE (0.0ms)[0m  [1mSELECT  "users".* FROM "users" WHERE "users"."id" = ? LIMIT 1[0m  [["id", 1]]
  [1m[35mCACHE (0.0ms)[0m  SELECT COUNT(*) FROM "votes" WHERE "votes"."link_id" = ?  [["link_id", 3]]
  [1m[36mCACHE (0.0ms)[0m  [1mSELECT COUNT(*) FROM "votes" WHERE "votes"."link_id" = ?[0m  [["link_id", 3]]
  [1m[35mCACHE (0.0ms)[0m  SELECT  "users".* FROM "users" WHERE "users"."id" = ? LIMIT 1  [["id", 1]]
  [1m[36mCACHE (0.0ms)[0m  [1mSELECT COUNT(*) FROM "votes" WHERE "votes"."link_id" = ?[0m  [["link_id", 2]]
  [1m[35mCACHE (0.0ms)[0m  SELECT COUNT(*) FROM "votes" WHERE "votes"."link_id" = ?  [["link_id", 2]]
  [1m[36mCACHE (0.0ms)[0m  [1mSELECT  "users".* FROM "users" WHERE "users"."id" = ? LIMIT 1[0m  [["id", 1]]
  [1m[35mCACHE (0.0ms)[0m  SELECT COUNT(*) FROM "votes" WHERE "votes"."link_id" = ?  [["link_id", 1]]
  [1m[36mCACHE (0.0ms)[0m  [1mSELECT COUNT(*) FROM "votes" WHERE "votes"."link_id" = ?[0m  [["link_id", 1]]
  [1m[35mCACHE (0.3ms)[0m  SELECT  "users".* FROM "users" WHERE "users"."id" = ? LIMIT 1  [["id", 1]]
  [1m[36mUser Load (0.1ms)[0m  [1mSELECT "users".* FROM "users"[0m
  [1m[35m (0.1ms)[0m  SELECT COUNT(*) FROM "links" WHERE "links"."user_id" = ?  [["user_id", 1]]
  Rendered links/index.html.erb within layouts/application (29.6ms)
Completed 200 OK in 93ms (Views: 79.8ms | ActiveRecord: 2.4ms)


Started GET "/assets/application.self-963c3f1bfdb6856d7b330b9a0877770f10c016e42ca8f5542af5de29695853f1.css?body=1" for ::1 at 2015-11-06 23:24:43 -0500


Started GET "/assets/jquery.self-a714331225dda820228db323939889f149aec0127aeb06255646b616ba1ca419.js?body=1" for ::1 at 2015-11-06 23:24:43 -0500


Started GET "/assets/links.self-877aef30ae1b040ab8a3aba4e3e309a11d7f2612f44dde450b5c157aa5f95c05.js?body=1" for ::1 at 2015-11-06 23:24:43 -0500


Started GET "/assets/users.self-877aef30ae1b040ab8a3aba4e3e309a11d7f2612f44dde450b5c157aa5f95c05.js?body=1" for ::1 at 2015-11-06 23:24:43 -0500


Started GET "/assets/jquery_ujs.self-d456baa54c1fa6be2ec3711f0a72ddf7a5b2f34a6b4f515f33767d6207b7d4b3.js?body=1" for ::1 at 2015-11-06 23:24:43 -0500


Started GET "/assets/turbolinks.self-c37727e9bd6b2735da5c311aa83fead54ed0be6cc8bd9a65309e9c5abe2cbfff.js?body=1" for ::1 at 2015-11-06 23:24:43 -0500


Started GET "/assets/votes.self-877aef30ae1b040ab8a3aba4e3e309a11d7f2612f44dde450b5c157aa5f95c05.js?body=1" for ::1 at 2015-11-06 23:24:43 -0500


Started GET "/assets/application.self-3b8dabdc891efe46b9a144b400ad69e37d7e5876bdc39dee783419a69d7ca819.js?body=1" for ::1 at 2015-11-06 23:24:43 -0500


Started GET "/assets/jumbotron" for ::1 at 2015-11-06 23:24:43 -0500


Started GET "/assets/bootstrap/glyphicons-halflings-regular-fe185d11a49676890d47bb783312a0cda5a44c4039214094e7957b4c040ef11c.woff2" for ::1 at 2015-11-06 23:24:43 -0500


Started POST "/votes?link_id=4" for ::1 at 2015-11-06 23:24:45 -0500
Processing by VotesController#create as HTML
  Parameters: {"authenticity_token"=>"Iv3BnFzhYwiwQaIhuzBIx7NbE80LJkhea3Id/cIZmL3IUt7gCOeanIUCf+I96xa2Lj2xjy03V6Yd/RoAX4UxNQ==", "link_id"=>"4"}
Unpermitted parameters: _method, authenticity_token
  [1m[36m (0.1ms)[0m  [1mbegin transaction[0m
  [1m[35mSQL (0.4ms)[0m  INSERT INTO "votes" ("link_id", "created_at", "updated_at") VALUES (?, ?, ?)  [["link_id", 4], ["created_at", "2015-11-07 04:24:45.881885"], ["updated_at", "2015-11-07 04:24:45.881885"]]
  [1m[36m (1.6ms)[0m  [1mcommit transaction[0m
Redirected to http://localhost:3000/
Completed 302 Found in 6ms (ActiveRecord: 2.1ms)


Started GET "/" for ::1 at 2015-11-06 23:24:45 -0500
Processing by LinksController#index as HTML
  [1m[35mLink Load (0.3ms)[0m  SELECT "links".* FROM "links"
  [1m[36m (0.1ms)[0m  [1mSELECT COUNT(*) FROM "votes" WHERE "votes"."link_id" = ?[0m  [["link_id", 1]]
  [1m[35m (0.1ms)[0m  SELECT COUNT(*) FROM "votes" WHERE "votes"."link_id" = ?  [["link_id", 2]]
  [1m[36m (0.1ms)[0m  [1mSELECT COUNT(*) FROM "votes" WHERE "votes"."link_id" = ?[0m  [["link_id", 3]]
  [1m[35m (0.1ms)[0m  SELECT COUNT(*) FROM "votes" WHERE "votes"."link_id" = ?  [["link_id", 4]]
  [1m[36m (0.1ms)[0m  [1mSELECT COUNT(*) FROM "votes" WHERE "votes"."link_id" = ?[0m  [["link_id", 5]]
  [1m[35m (0.1ms)[0m  SELECT COUNT(*) FROM "votes" WHERE "votes"."link_id" = ?  [["link_id", 6]]
  [1m[36m (0.1ms)[0m  [1mSELECT COUNT(*) FROM "votes" WHERE "votes"."link_id" = ?[0m  [["link_id", 7]]
  [1m[35m (0.3ms)[0m  SELECT COUNT(*) FROM "votes" WHERE "votes"."link_id" = ?  [["link_id", 8]]
  [1m[36m (0.1ms)[0m  [1mSELECT COUNT(*) FROM "votes" WHERE "votes"."link_id" = ?[0m  [["link_id", 9]]
  [1m[35mCACHE (0.0ms)[0m  SELECT COUNT(*) FROM "votes" WHERE "votes"."link_id" = ?  [["link_id", 4]]
  [1m[36mCACHE (0.0ms)[0m  [1mSELECT COUNT(*) FROM "votes" WHERE "votes"."link_id" = ?[0m  [["link_id", 4]]
  [1m[35mVote Load (0.1ms)[0m  SELECT  "votes".* FROM "votes" WHERE "votes"."link_id" = ?  ORDER BY "votes"."id" DESC LIMIT 1  [["link_id", 4]]
  [1m[36mUser Load (0.1ms)[0m  [1mSELECT  "users".* FROM "users" WHERE "users"."id" = ? LIMIT 1[0m  [["id", 1]]
  [1m[35mCACHE (0.0ms)[0m  SELECT COUNT(*) FROM "votes" WHERE "votes"."link_id" = ?  [["link_id", 6]]
  [1m[36mCACHE (0.0ms)[0m  [1mSELECT COUNT(*) FROM "votes" WHERE "votes"."link_id" = ?[0m  [["link_id", 6]]
  [1m[35mVote Load (0.1ms)[0m  SELECT  "votes".* FROM "votes" WHERE "votes"."link_id" = ?  ORDER BY "votes"."id" DESC LIMIT 1  [["link_id", 6]]
  [1m[36mCACHE (0.0ms)[0m  [1mSELECT  "users".* FROM "users" WHERE "users"."id" = ? LIMIT 1[0m  [["id", 1]]
  [1m[35mCACHE (0.0ms)[0m  SELECT COUNT(*) FROM "votes" WHERE "votes"."link_id" = ?  [["link_id", 8]]
  [1m[36mCACHE (0.0ms)[0m  [1mSELECT COUNT(*) FROM "votes" WHERE "votes"."link_id" = ?[0m  [["link_id", 8]]
  [1m[35mVote Load (0.1ms)[0m  SELECT  "votes".* FROM "votes" WHERE "votes"."link_id" = ?  ORDER BY "votes"."id" DESC LIMIT 1  [["link_id", 8]]
  [1m[36mCACHE (0.0ms)[0m  [1mSELECT  "users".* FROM "users" WHERE "users"."id" = ? LIMIT 1[0m  [["id", 1]]
  [1m[35mCACHE (0.0ms)[0m  SELECT COUNT(*) FROM "votes" WHERE "votes"."link_id" = ?  [["link_id", 5]]
  [1m[36mCACHE (0.0ms)[0m  [1mSELECT COUNT(*) FROM "votes" WHERE "votes"."link_id" = ?[0m  [["link_id", 5]]
  [1m[35mCACHE (0.0ms)[0m  SELECT  "users".* FROM "users" WHERE "users"."id" = ? LIMIT 1  [["id", 1]]
  [1m[36mCACHE (0.0ms)[0m  [1mSELECT COUNT(*) FROM "votes" WHERE "votes"."link_id" = ?[0m  [["link_id", 7]]
  [1m[35mCACHE (0.0ms)[0m  SELECT COUNT(*) FROM "votes" WHERE "votes"."link_id" = ?  [["link_id", 7]]
  [1m[36mCACHE (0.0ms)[0m  [1mSELECT  "users".* FROM "users" WHERE "users"."id" = ? LIMIT 1[0m  [["id", 1]]
  [1m[35mCACHE (0.0ms)[0m  SELECT COUNT(*) FROM "votes" WHERE "votes"."link_id" = ?  [["link_id", 9]]
  [1m[36mCACHE (0.0ms)[0m  [1mSELECT COUNT(*) FROM "votes" WHERE "votes"."link_id" = ?[0m  [["link_id", 9]]
  [1m[35mCACHE (0.0ms)[0m  SELECT  "users".* FROM "users" WHERE "users"."id" = ? LIMIT 1  [["id", 1]]
  [1m[36mCACHE (0.0ms)[0m  [1mSELECT COUNT(*) FROM "votes" WHERE "votes"."link_id" = ?[0m  [["link_id", 3]]
  [1m[35mCACHE (0.0ms)[0m  SELECT COUNT(*) FROM "votes" WHERE "votes"."link_id" = ?  [["link_id", 3]]
  [1m[36mCACHE (0.0ms)[0m  [1mSELECT  "users".* FROM "users" WHERE "users"."id" = ? LIMIT 1[0m  [["id", 1]]
  [1m[35mCACHE (0.0ms)[0m  SELECT COUNT(*) FROM "votes" WHERE "votes"."link_id" = ?  [["link_id", 2]]
  [1m[36mCACHE (0.0ms)[0m  [1mSELECT COUNT(*) FROM "votes" WHERE "votes"."link_id" = ?[0m  [["link_id", 2]]
  [1m[35mCACHE (0.0ms)[0m  SELECT  "users".* FROM "users" WHERE "users"."id" = ? LIMIT 1  [["id", 1]]
  [1m[36mCACHE (0.0ms)[0m  [1mSELECT COUNT(*) FROM "votes" WHERE "votes"."link_id" = ?[0m  [["link_id", 1]]
  [1m[35mCACHE (0.0ms)[0m  SELECT COUNT(*) FROM "votes" WHERE "votes"."link_id" = ?  [["link_id", 1]]
  [1m[36mCACHE (0.0ms)[0m  [1mSELECT  "users".* FROM "users" WHERE "users"."id" = ? LIMIT 1[0m  [["id", 1]]
  [1m[35mUser Load (0.1ms)[0m  SELECT "users".* FROM "users"
  [1m[36m (0.1ms)[0m  [1mSELECT COUNT(*) FROM "links" WHERE "links"."user_id" = ?[0m  [["user_id", 1]]
  Rendered links/index.html.erb within layouts/application (26.9ms)
Completed 200 OK in 94ms (Views: 83.3ms | ActiveRecord: 2.3ms)


Started GET "/assets/jumbotron" for ::1 at 2015-11-06 23:24:46 -0500


Started DELETE "/votes/7" for ::1 at 2015-11-06 23:24:47 -0500
Processing by VotesController#destroy as HTML
  Parameters: {"authenticity_token"=>"Zsg7LLNj87EGDtyryyb9cNwyqdoam/fRkPH/Q9hA2YuMZyRQ52UKJTNNAWhN/aMBQVQLmDyK6Cnmfvi+RdxwAw==", "id"=>"7"}
  [1m[35mVote Load (0.2ms)[0m  SELECT  "votes".* FROM "votes" WHERE "votes"."id" = ? LIMIT 1  [["id", 7]]
  [1m[36m (0.1ms)[0m  [1mbegin transaction[0m
  [1m[35mSQL (0.3ms)[0m  DELETE FROM "votes" WHERE "votes"."id" = ?  [["id", 7]]
  [1m[36m (0.9ms)[0m  [1mcommit transaction[0m
Redirected to http://localhost:3000/
Completed 302 Found in 20ms (ActiveRecord: 1.5ms)


Started GET "/" for ::1 at 2015-11-06 23:24:47 -0500
Processing by LinksController#index as HTML
  [1m[35mLink Load (0.3ms)[0m  SELECT "links".* FROM "links"
  [1m[36m (0.1ms)[0m  [1mSELECT COUNT(*) FROM "votes" WHERE "votes"."link_id" = ?[0m  [["link_id", 1]]
  [1m[35m (0.2ms)[0m  SELECT COUNT(*) FROM "votes" WHERE "votes"."link_id" = ?  [["link_id", 2]]
  [1m[36m (0.2ms)[0m  [1mSELECT COUNT(*) FROM "votes" WHERE "votes"."link_id" = ?[0m  [["link_id", 3]]
  [1m[35m (0.2ms)[0m  SELECT COUNT(*) FROM "votes" WHERE "votes"."link_id" = ?  [["link_id", 4]]
  [1m[36m (0.2ms)[0m  [1mSELECT COUNT(*) FROM "votes" WHERE "votes"."link_id" = ?[0m  [["link_id", 5]]
  [1m[35m (0.2ms)[0m  SELECT COUNT(*) FROM "votes" WHERE "votes"."link_id" = ?  [["link_id", 6]]
  [1m[36m (0.1ms)[0m  [1mSELECT COUNT(*) FROM "votes" WHERE "votes"."link_id" = ?[0m  [["link_id", 7]]
  [1m[35m (0.1ms)[0m  SELECT COUNT(*) FROM "votes" WHERE "votes"."link_id" = ?  [["link_id", 8]]
  [1m[36m (0.1ms)[0m  [1mSELECT COUNT(*) FROM "votes" WHERE "votes"."link_id" = ?[0m  [["link_id", 9]]
  [1m[35mCACHE (0.0ms)[0m  SELECT COUNT(*) FROM "votes" WHERE "votes"."link_id" = ?  [["link_id", 4]]
  [1m[36mCACHE (0.0ms)[0m  [1mSELECT COUNT(*) FROM "votes" WHERE "votes"."link_id" = ?[0m  [["link_id", 4]]
  [1m[35mVote Load (0.1ms)[0m  SELECT  "votes".* FROM "votes" WHERE "votes"."link_id" = ?  ORDER BY "votes"."id" DESC LIMIT 1  [["link_id", 4]]
  [1m[36mUser Load (0.1ms)[0m  [1mSELECT  "users".* FROM "users" WHERE "users"."id" = ? LIMIT 1[0m  [["id", 1]]
  [1m[35mCACHE (0.0ms)[0m  SELECT COUNT(*) FROM "votes" WHERE "votes"."link_id" = ?  [["link_id", 6]]
  [1m[36mCACHE (0.0ms)[0m  [1mSELECT COUNT(*) FROM "votes" WHERE "votes"."link_id" = ?[0m  [["link_id", 6]]
  [1m[35mVote Load (0.1ms)[0m  SELECT  "votes".* FROM "votes" WHERE "votes"."link_id" = ?  ORDER BY "votes"."id" DESC LIMIT 1  [["link_id", 6]]
  [1m[36mCACHE (0.0ms)[0m  [1mSELECT  "users".* FROM "users" WHERE "users"."id" = ? LIMIT 1[0m  [["id", 1]]
  [1m[35mCACHE (0.0ms)[0m  SELECT COUNT(*) FROM "votes" WHERE "votes"."link_id" = ?  [["link_id", 8]]
  [1m[36mCACHE (0.0ms)[0m  [1mSELECT COUNT(*) FROM "votes" WHERE "votes"."link_id" = ?[0m  [["link_id", 8]]
  [1m[35mVote Load (0.1ms)[0m  SELECT  "votes".* FROM "votes" WHERE "votes"."link_id" = ?  ORDER BY "votes"."id" DESC LIMIT 1  [["link_id", 8]]
  [1m[36mCACHE (0.0ms)[0m  [1mSELECT  "users".* FROM "users" WHERE "users"."id" = ? LIMIT 1[0m  [["id", 1]]
  [1m[35mCACHE (0.0ms)[0m  SELECT COUNT(*) FROM "votes" WHERE "votes"."link_id" = ?  [["link_id", 5]]
  [1m[36mCACHE (0.0ms)[0m  [1mSELECT COUNT(*) FROM "votes" WHERE "votes"."link_id" = ?[0m  [["link_id", 5]]
  [1m[35mCACHE (0.0ms)[0m  SELECT  "users".* FROM "users" WHERE "users"."id" = ? LIMIT 1  [["id", 1]]
  [1m[36mCACHE (0.0ms)[0m  [1mSELECT COUNT(*) FROM "votes" WHERE "votes"."link_id" = ?[0m  [["link_id", 7]]
  [1m[35mCACHE (0.0ms)[0m  SELECT COUNT(*) FROM "votes" WHERE "votes"."link_id" = ?  [["link_id", 7]]
  [1m[36mCACHE (0.0ms)[0m  [1mSELECT  "users".* FROM "users" WHERE "users"."id" = ? LIMIT 1[0m  [["id", 1]]
  [1m[35mCACHE (0.0ms)[0m  SELECT COUNT(*) FROM "votes" WHERE "votes"."link_id" = ?  [["link_id", 9]]
  [1m[36mCACHE (0.0ms)[0m  [1mSELECT COUNT(*) FROM "votes" WHERE "votes"."link_id" = ?[0m  [["link_id", 9]]
  [1m[35mCACHE (0.0ms)[0m  SELECT  "users".* FROM "users" WHERE "users"."id" = ? LIMIT 1  [["id", 1]]
  [1m[36mCACHE (0.0ms)[0m  [1mSELECT COUNT(*) FROM "votes" WHERE "votes"."link_id" = ?[0m  [["link_id", 3]]
  [1m[35mCACHE (0.0ms)[0m  SELECT COUNT(*) FROM "votes" WHERE "votes"."link_id" = ?  [["link_id", 3]]
  [1m[36mCACHE (0.0ms)[0m  [1mSELECT  "users".* FROM "users" WHERE "users"."id" = ? LIMIT 1[0m  [["id", 1]]
  [1m[35mCACHE (0.0ms)[0m  SELECT COUNT(*) FROM "votes" WHERE "votes"."link_id" = ?  [["link_id", 2]]
  [1m[36mCACHE (0.0ms)[0m  [1mSELECT COUNT(*) FROM "votes" WHERE "votes"."link_id" = ?[0m  [["link_id", 2]]
  [1m[35mCACHE (0.0ms)[0m  SELECT  "users".* FROM "users" WHERE "users"."id" = ? LIMIT 1  [["id", 1]]
  [1m[36mCACHE (0.0ms)[0m  [1mSELECT COUNT(*) FROM "votes" WHERE "votes"."link_id" = ?[0m  [["link_id", 1]]
  [1m[35mCACHE (0.0ms)[0m  SELECT COUNT(*) FROM "votes" WHERE "votes"."link_id" = ?  [["link_id", 1]]
  [1m[36mCACHE (0.0ms)[0m  [1mSELECT  "users".* FROM "users" WHERE "users"."id" = ? LIMIT 1[0m  [["id", 1]]
  [1m[35mUser Load (0.1ms)[0m  SELECT "users".* FROM "users"
  [1m[36m (0.1ms)[0m  [1mSELECT COUNT(*) FROM "links" WHERE "links"."user_id" = ?[0m  [["user_id", 1]]
  Rendered links/index.html.erb within layouts/application (30.4ms)
Completed 200 OK in 103ms (Views: 87.2ms | ActiveRecord: 2.7ms)


Started GET "/assets/jumbotron" for ::1 at 2015-11-06 23:24:47 -0500


Started GET "/users/1" for ::1 at 2015-11-06 23:26:24 -0500
Processing by UsersController#show as HTML
  Parameters: {"id"=>"1"}
  [1m[35mUser Load (0.1ms)[0m  SELECT  "users".* FROM "users" WHERE "users"."id" = ? LIMIT 1  [["id", 1]]
  [1m[36mLink Load (0.2ms)[0m  [1mSELECT "links".* FROM "links" WHERE "links"."user_id" = ?[0m  [["user_id", 1]]
  Rendered users/show.html.erb within layouts/application (11.2ms)
Completed 200 OK in 68ms (Views: 60.5ms | ActiveRecord: 1.0ms)


Started GET "/" for ::1 at 2015-11-06 23:26:26 -0500
Processing by LinksController#index as HTML
  [1m[35mLink Load (0.2ms)[0m  SELECT "links".* FROM "links"
  [1m[36m (0.1ms)[0m  [1mSELECT COUNT(*) FROM "votes" WHERE "votes"."link_id" = ?[0m  [["link_id", 1]]
  [1m[35m (0.1ms)[0m  SELECT COUNT(*) FROM "votes" WHERE "votes"."link_id" = ?  [["link_id", 2]]
  [1m[36m (0.1ms)[0m  [1mSELECT COUNT(*) FROM "votes" WHERE "votes"."link_id" = ?[0m  [["link_id", 3]]
  [1m[35m (0.1ms)[0m  SELECT COUNT(*) FROM "votes" WHERE "votes"."link_id" = ?  [["link_id", 4]]
  [1m[36m (0.1ms)[0m  [1mSELECT COUNT(*) FROM "votes" WHERE "votes"."link_id" = ?[0m  [["link_id", 5]]
  [1m[35m (0.1ms)[0m  SELECT COUNT(*) FROM "votes" WHERE "votes"."link_id" = ?  [["link_id", 6]]
  [1m[36m (0.1ms)[0m  [1mSELECT COUNT(*) FROM "votes" WHERE "votes"."link_id" = ?[0m  [["link_id", 7]]
  [1m[35m (0.1ms)[0m  SELECT COUNT(*) FROM "votes" WHERE "votes"."link_id" = ?  [["link_id", 8]]
  [1m[36m (0.2ms)[0m  [1mSELECT COUNT(*) FROM "votes" WHERE "votes"."link_id" = ?[0m  [["link_id", 9]]
  [1m[35mCACHE (0.0ms)[0m  SELECT COUNT(*) FROM "votes" WHERE "votes"."link_id" = ?  [["link_id", 4]]
  [1m[36mCACHE (0.0ms)[0m  [1mSELECT COUNT(*) FROM "votes" WHERE "votes"."link_id" = ?[0m  [["link_id", 4]]
  [1m[35mVote Load (0.1ms)[0m  SELECT  "votes".* FROM "votes" WHERE "votes"."link_id" = ?  ORDER BY "votes"."id" DESC LIMIT 1  [["link_id", 4]]
  [1m[36mUser Load (0.1ms)[0m  [1mSELECT  "users".* FROM "users" WHERE "users"."id" = ? LIMIT 1[0m  [["id", 1]]
  [1m[35mCACHE (0.0ms)[0m  SELECT COUNT(*) FROM "votes" WHERE "votes"."link_id" = ?  [["link_id", 6]]
  [1m[36mCACHE (0.0ms)[0m  [1mSELECT COUNT(*) FROM "votes" WHERE "votes"."link_id" = ?[0m  [["link_id", 6]]
  [1m[35mVote Load (0.1ms)[0m  SELECT  "votes".* FROM "votes" WHERE "votes"."link_id" = ?  ORDER BY "votes"."id" DESC LIMIT 1  [["link_id", 6]]
  [1m[36mCACHE (0.0ms)[0m  [1mSELECT  "users".* FROM "users" WHERE "users"."id" = ? LIMIT 1[0m  [["id", 1]]
  [1m[35mCACHE (0.0ms)[0m  SELECT COUNT(*) FROM "votes" WHERE "votes"."link_id" = ?  [["link_id", 8]]
  [1m[36mCACHE (0.0ms)[0m  [1mSELECT COUNT(*) FROM "votes" WHERE "votes"."link_id" = ?[0m  [["link_id", 8]]
  [1m[35mVote Load (0.1ms)[0m  SELECT  "votes".* FROM "votes" WHERE "votes"."link_id" = ?  ORDER BY "votes"."id" DESC LIMIT 1  [["link_id", 8]]
  [1m[36mCACHE (0.0ms)[0m  [1mSELECT  "users".* FROM "users" WHERE "users"."id" = ? LIMIT 1[0m  [["id", 1]]
  [1m[35mCACHE (0.0ms)[0m  SELECT COUNT(*) FROM "votes" WHERE "votes"."link_id" = ?  [["link_id", 5]]
  [1m[36mCACHE (0.0ms)[0m  [1mSELECT COUNT(*) FROM "votes" WHERE "votes"."link_id" = ?[0m  [["link_id", 5]]
  [1m[35mCACHE (0.0ms)[0m  SELECT  "users".* FROM "users" WHERE "users"."id" = ? LIMIT 1  [["id", 1]]
  [1m[36mCACHE (0.0ms)[0m  [1mSELECT COUNT(*) FROM "votes" WHERE "votes"."link_id" = ?[0m  [["link_id", 7]]
  [1m[35mCACHE (0.0ms)[0m  SELECT COUNT(*) FROM "votes" WHERE "votes"."link_id" = ?  [["link_id", 7]]
  [1m[36mCACHE (0.0ms)[0m  [1mSELECT  "users".* FROM "users" WHERE "users"."id" = ? LIMIT 1[0m  [["id", 1]]
  [1m[35mCACHE (0.0ms)[0m  SELECT COUNT(*) FROM "votes" WHERE "votes"."link_id" = ?  [["link_id", 9]]
  [1m[36mCACHE (0.0ms)[0m  [1mSELECT COUNT(*) FROM "votes" WHERE "votes"."link_id" = ?[0m  [["link_id", 9]]
  [1m[35mCACHE (0.0ms)[0m  SELECT  "users".* FROM "users" WHERE "users"."id" = ? LIMIT 1  [["id", 1]]
  [1m[36mCACHE (0.0ms)[0m  [1mSELECT COUNT(*) FROM "votes" WHERE "votes"."link_id" = ?[0m  [["link_id", 3]]
  [1m[35mCACHE (0.0ms)[0m  SELECT COUNT(*) FROM "votes" WHERE "votes"."link_id" = ?  [["link_id", 3]]
  [1m[36mCACHE (0.0ms)[0m  [1mSELECT  "users".* FROM "users" WHERE "users"."id" = ? LIMIT 1[0m  [["id", 1]]
  [1m[35mCACHE (0.0ms)[0m  SELECT COUNT(*) FROM "votes" WHERE "votes"."link_id" = ?  [["link_id", 2]]
  [1m[36mCACHE (0.0ms)[0m  [1mSELECT COUNT(*) FROM "votes" WHERE "votes"."link_id" = ?[0m  [["link_id", 2]]
  [1m[35mCACHE (0.0ms)[0m  SELECT  "users".* FROM "users" WHERE "users"."id" = ? LIMIT 1  [["id", 1]]
  [1m[36mCACHE (0.0ms)[0m  [1mSELECT COUNT(*) FROM "votes" WHERE "votes"."link_id" = ?[0m  [["link_id", 1]]
  [1m[35mCACHE (0.0ms)[0m  SELECT COUNT(*) FROM "votes" WHERE "votes"."link_id" = ?  [["link_id", 1]]
  [1m[36mCACHE (0.0ms)[0m  [1mSELECT  "users".* FROM "users" WHERE "users"."id" = ? LIMIT 1[0m  [["id", 1]]
  [1m[35mUser Load (0.2ms)[0m  SELECT "users".* FROM "users"
  [1m[36m (0.1ms)[0m  [1mSELECT COUNT(*) FROM "links" WHERE "links"."user_id" = ?[0m  [["user_id", 1]]
  Rendered links/index.html.erb within layouts/application (27.5ms)
Completed 200 OK in 89ms (Views: 76.0ms | ActiveRecord: 2.3ms)


Started GET "/users/new" for ::1 at 2015-11-06 23:26:29 -0500
Processing by UsersController#new as HTML
  Rendered users/new.html.erb within layouts/application (25.8ms)
Completed 200 OK in 75ms (Views: 74.0ms | ActiveRecord: 0.0ms)


Started GET "/" for ::1 at 2015-11-06 23:26:32 -0500
Processing by LinksController#index as HTML
  [1m[35mLink Load (0.2ms)[0m  SELECT "links".* FROM "links"
  [1m[36m (0.1ms)[0m  [1mSELECT COUNT(*) FROM "votes" WHERE "votes"."link_id" = ?[0m  [["link_id", 1]]
  [1m[35m (0.1ms)[0m  SELECT COUNT(*) FROM "votes" WHERE "votes"."link_id" = ?  [["link_id", 2]]
  [1m[36m (0.1ms)[0m  [1mSELECT COUNT(*) FROM "votes" WHERE "votes"."link_id" = ?[0m  [["link_id", 3]]
  [1m[35m (0.1ms)[0m  SELECT COUNT(*) FROM "votes" WHERE "votes"."link_id" = ?  [["link_id", 4]]
  [1m[36m (0.1ms)[0m  [1mSELECT COUNT(*) FROM "votes" WHERE "votes"."link_id" = ?[0m  [["link_id", 5]]
  [1m[35m (0.1ms)[0m  SELECT COUNT(*) FROM "votes" WHERE "votes"."link_id" = ?  [["link_id", 6]]
  [1m[36m (0.1ms)[0m  [1mSELECT COUNT(*) FROM "votes" WHERE "votes"."link_id" = ?[0m  [["link_id", 7]]
  [1m[35m (0.1ms)[0m  SELECT COUNT(*) FROM "votes" WHERE "votes"."link_id" = ?  [["link_id", 8]]
  [1m[36m (0.1ms)[0m  [1mSELECT COUNT(*) FROM "votes" WHERE "votes"."link_id" = ?[0m  [["link_id", 9]]
  [1m[35mCACHE (0.0ms)[0m  SELECT COUNT(*) FROM "votes" WHERE "votes"."link_id" = ?  [["link_id", 4]]
  [1m[36mCACHE (0.0ms)[0m  [1mSELECT COUNT(*) FROM "votes" WHERE "votes"."link_id" = ?[0m  [["link_id", 4]]
  [1m[35mVote Load (0.1ms)[0m  SELECT  "votes".* FROM "votes" WHERE "votes"."link_id" = ?  ORDER BY "votes"."id" DESC LIMIT 1  [["link_id", 4]]
  [1m[36mUser Load (0.1ms)[0m  [1mSELECT  "users".* FROM "users" WHERE "users"."id" = ? LIMIT 1[0m  [["id", 1]]
  [1m[35mCACHE (0.0ms)[0m  SELECT COUNT(*) FROM "votes" WHERE "votes"."link_id" = ?  [["link_id", 6]]
  [1m[36mCACHE (0.0ms)[0m  [1mSELECT COUNT(*) FROM "votes" WHERE "votes"."link_id" = ?[0m  [["link_id", 6]]
  [1m[35mVote Load (0.1ms)[0m  SELECT  "votes".* FROM "votes" WHERE "votes"."link_id" = ?  ORDER BY "votes"."id" DESC LIMIT 1  [["link_id", 6]]
  [1m[36mCACHE (0.0ms)[0m  [1mSELECT  "users".* FROM "users" WHERE "users"."id" = ? LIMIT 1[0m  [["id", 1]]
  [1m[35mCACHE (0.0ms)[0m  SELECT COUNT(*) FROM "votes" WHERE "votes"."link_id" = ?  [["link_id", 8]]
  [1m[36mCACHE (0.0ms)[0m  [1mSELECT COUNT(*) FROM "votes" WHERE "votes"."link_id" = ?[0m  [["link_id", 8]]
  [1m[35mVote Load (0.1ms)[0m  SELECT  "votes".* FROM "votes" WHERE "votes"."link_id" = ?  ORDER BY "votes"."id" DESC LIMIT 1  [["link_id", 8]]
  [1m[36mCACHE (0.0ms)[0m  [1mSELECT  "users".* FROM "users" WHERE "users"."id" = ? LIMIT 1[0m  [["id", 1]]
  [1m[35mCACHE (0.0ms)[0m  SELECT COUNT(*) FROM "votes" WHERE "votes"."link_id" = ?  [["link_id", 5]]
  [1m[36mCACHE (0.0ms)[0m  [1mSELECT COUNT(*) FROM "votes" WHERE "votes"."link_id" = ?[0m  [["link_id", 5]]
  [1m[35mCACHE (0.0ms)[0m  SELECT  "users".* FROM "users" WHERE "users"."id" = ? LIMIT 1  [["id", 1]]
  [1m[36mCACHE (0.0ms)[0m  [1mSELECT COUNT(*) FROM "votes" WHERE "votes"."link_id" = ?[0m  [["link_id", 7]]
  [1m[35mCACHE (0.0ms)[0m  SELECT COUNT(*) FROM "votes" WHERE "votes"."link_id" = ?  [["link_id", 7]]
  [1m[36mCACHE (0.0ms)[0m  [1mSELECT  "users".* FROM "users" WHERE "users"."id" = ? LIMIT 1[0m  [["id", 1]]
  [1m[35mCACHE (0.0ms)[0m  SELECT COUNT(*) FROM "votes" WHERE "votes"."link_id" = ?  [["link_id", 9]]
  [1m[36mCACHE (0.0ms)[0m  [1mSELECT COUNT(*) FROM "votes" WHERE "votes"."link_id" = ?[0m  [["link_id", 9]]
  [1m[35mCACHE (0.0ms)[0m  SELECT  "users".* FROM "users" WHERE "users"."id" = ? LIMIT 1  [["id", 1]]
  [1m[36mCACHE (0.0ms)[0m  [1mSELECT COUNT(*) FROM "votes" WHERE "votes"."link_id" = ?[0m  [["link_id", 3]]
  [1m[35mCACHE (0.0ms)[0m  SELECT COUNT(*) FROM "votes" WHERE "votes"."link_id" = ?  [["link_id", 3]]
  [1m[36mCACHE (0.0ms)[0m  [1mSELECT  "users".* FROM "users" WHERE "users"."id" = ? LIMIT 1[0m  [["id", 1]]
  [1m[35mCACHE (0.0ms)[0m  SELECT COUNT(*) FROM "votes" WHERE "votes"."link_id" = ?  [["link_id", 2]]
  [1m[36mCACHE (0.0ms)[0m  [1mSELECT COUNT(*) FROM "votes" WHERE "votes"."link_id" = ?[0m  [["link_id", 2]]
  [1m[35mCACHE (0.0ms)[0m  SELECT  "users".* FROM "users" WHERE "users"."id" = ? LIMIT 1  [["id", 1]]
  [1m[36mCACHE (0.0ms)[0m  [1mSELECT COUNT(*) FROM "votes" WHERE "votes"."link_id" = ?[0m  [["link_id", 1]]
  [1m[35mCACHE (0.0ms)[0m  SELECT COUNT(*) FROM "votes" WHERE "votes"."link_id" = ?  [["link_id", 1]]
  [1m[36mCACHE (0.0ms)[0m  [1mSELECT  "users".* FROM "users" WHERE "users"."id" = ? LIMIT 1[0m  [["id", 1]]
  [1m[35mUser Load (0.1ms)[0m  SELECT "users".* FROM "users"
  [1m[36m (0.1ms)[0m  [1mSELECT COUNT(*) FROM "links" WHERE "links"."user_id" = ?[0m  [["user_id", 1]]
  Rendered links/index.html.erb within layouts/application (20.3ms)
Completed 200 OK in 70ms (Views: 61.5ms | ActiveRecord: 1.8ms)
  [1m[36mActiveRecord::SchemaMigration Load (0.1ms)[0m  [1mSELECT "schema_migrations".* FROM "schema_migrations"[0m
Migrating to AddNameToUsers (20151107042649)
  [1m[35m (0.1ms)[0m  begin transaction
  [1m[36m (0.6ms)[0m  [1mALTER TABLE "users" ADD "name" varchar[0m
  [1m[35mSQL (0.1ms)[0m  INSERT INTO "schema_migrations" ("version") VALUES (?)  [["version", "20151107042649"]]
  [1m[36m (1.7ms)[0m  [1mcommit transaction[0m
Migrating to AddAboutmeToUsers (20151107042656)
  [1m[35m (0.1ms)[0m  begin transaction
  [1m[36m (0.4ms)[0m  [1mALTER TABLE "users" ADD "aboutme" text[0m
  [1m[35mSQL (0.2ms)[0m  INSERT INTO "schema_migrations" ("version") VALUES (?)  [["version", "20151107042656"]]
  [1m[36m (1.0ms)[0m  [1mcommit transaction[0m
  [1m[35mActiveRecord::SchemaMigration Load (0.1ms)[0m  SELECT "schema_migrations".* FROM "schema_migrations"


Started GET "/users/new" for ::1 at 2015-11-06 23:28:35 -0500
  [1m[35mActiveRecord::SchemaMigration Load (0.1ms)[0m  SELECT "schema_migrations".* FROM "schema_migrations"
Processing by UsersController#new as HTML
  Rendered users/new.html.erb within layouts/application (5.6ms)
Completed 200 OK in 54ms (Views: 48.7ms | ActiveRecord: 0.3ms)


Started GET "/users/new" for ::1 at 2015-11-06 23:29:50 -0500
Processing by UsersController#new as HTML
  Rendered users/new.html.erb within layouts/application (1.9ms)
Completed 200 OK in 45ms (Views: 44.2ms | ActiveRecord: 0.0ms)


Started GET "/assets/application.self-963c3f1bfdb6856d7b330b9a0877770f10c016e42ca8f5542af5de29695853f1.css?body=1" for ::1 at 2015-11-06 23:29:50 -0500


Started GET "/assets/jquery.self-a714331225dda820228db323939889f149aec0127aeb06255646b616ba1ca419.js?body=1" for ::1 at 2015-11-06 23:29:50 -0500


Started GET "/assets/jquery_ujs.self-d456baa54c1fa6be2ec3711f0a72ddf7a5b2f34a6b4f515f33767d6207b7d4b3.js?body=1" for ::1 at 2015-11-06 23:29:50 -0500


Started GET "/assets/turbolinks.self-c37727e9bd6b2735da5c311aa83fead54ed0be6cc8bd9a65309e9c5abe2cbfff.js?body=1" for ::1 at 2015-11-06 23:29:50 -0500


Started GET "/assets/users.self-877aef30ae1b040ab8a3aba4e3e309a11d7f2612f44dde450b5c157aa5f95c05.js?body=1" for ::1 at 2015-11-06 23:29:50 -0500


Started GET "/assets/votes.self-877aef30ae1b040ab8a3aba4e3e309a11d7f2612f44dde450b5c157aa5f95c05.js?body=1" for ::1 at 2015-11-06 23:29:50 -0500


Started GET "/assets/links.self-877aef30ae1b040ab8a3aba4e3e309a11d7f2612f44dde450b5c157aa5f95c05.js?body=1" for ::1 at 2015-11-06 23:29:50 -0500


Started GET "/assets/application.self-3b8dabdc891efe46b9a144b400ad69e37d7e5876bdc39dee783419a69d7ca819.js?body=1" for ::1 at 2015-11-06 23:29:50 -0500


Started GET "/assets/jumbotron" for ::1 at 2015-11-06 23:29:50 -0500


Started GET "/users/new" for ::1 at 2015-11-06 23:30:03 -0500
Processing by UsersController#new as HTML
  Rendered users/new.html.erb within layouts/application (2.5ms)
Completed 200 OK in 59ms (Views: 57.7ms | ActiveRecord: 0.0ms)


Started GET "/assets/application.self-963c3f1bfdb6856d7b330b9a0877770f10c016e42ca8f5542af5de29695853f1.css?body=1" for ::1 at 2015-11-06 23:30:03 -0500


Started GET "/assets/jquery_ujs.self-d456baa54c1fa6be2ec3711f0a72ddf7a5b2f34a6b4f515f33767d6207b7d4b3.js?body=1" for ::1 at 2015-11-06 23:30:03 -0500


Started GET "/assets/votes.self-877aef30ae1b040ab8a3aba4e3e309a11d7f2612f44dde450b5c157aa5f95c05.js?body=1" for ::1 at 2015-11-06 23:30:03 -0500


Started GET "/assets/turbolinks.self-c37727e9bd6b2735da5c311aa83fead54ed0be6cc8bd9a65309e9c5abe2cbfff.js?body=1" for ::1 at 2015-11-06 23:30:03 -0500


Started GET "/assets/users.self-877aef30ae1b040ab8a3aba4e3e309a11d7f2612f44dde450b5c157aa5f95c05.js?body=1" for ::1 at 2015-11-06 23:30:03 -0500


Started GET "/assets/links.self-877aef30ae1b040ab8a3aba4e3e309a11d7f2612f44dde450b5c157aa5f95c05.js?body=1" for ::1 at 2015-11-06 23:30:03 -0500


Started GET "/assets/jquery.self-a714331225dda820228db323939889f149aec0127aeb06255646b616ba1ca419.js?body=1" for ::1 at 2015-11-06 23:30:03 -0500


Started GET "/assets/application.self-3b8dabdc891efe46b9a144b400ad69e37d7e5876bdc39dee783419a69d7ca819.js?body=1" for ::1 at 2015-11-06 23:30:03 -0500


Started GET "/assets/jumbotron" for ::1 at 2015-11-06 23:30:03 -0500


Started POST "/users" for ::1 at 2015-11-06 23:30:19 -0500
Processing by UsersController#create as HTML
  Parameters: {"utf8"=>"✓", "authenticity_token"=>"pe5l2xiIxIUwHvP78OK/mawtON1GehOnG8yhE4JPBwpPQXqnTI49EQVdLjh2OeHoMUuan2BrDF9tQ6buH9Ougg==", "user"=>{"username"=>"BenFair", "name"=>"Ben Fair", "aboutme"=>"Ben is also a twin"}, "commit"=>"Save"}
  [1m[36m (0.1ms)[0m  [1mbegin transaction[0m
  [1m[35mSQL (0.5ms)[0m  INSERT INTO "users" ("username", "name", "aboutme", "created_at", "updated_at") VALUES (?, ?, ?, ?, ?)  [["username", "BenFair"], ["name", "Ben Fair"], ["aboutme", "Ben is also a twin"], ["created_at", "2015-11-07 04:30:19.682226"], ["updated_at", "2015-11-07 04:30:19.682226"]]
  [1m[36m (1.4ms)[0m  [1mcommit transaction[0m
Redirected to http://localhost:3000/
Completed 302 Found in 6ms (ActiveRecord: 2.0ms)


Started GET "/" for ::1 at 2015-11-06 23:30:19 -0500
Processing by LinksController#index as HTML
  [1m[35mLink Load (0.2ms)[0m  SELECT "links".* FROM "links"
  [1m[36m (0.3ms)[0m  [1mSELECT COUNT(*) FROM "votes" WHERE "votes"."link_id" = ?[0m  [["link_id", 1]]
  [1m[35m (0.1ms)[0m  SELECT COUNT(*) FROM "votes" WHERE "votes"."link_id" = ?  [["link_id", 2]]
  [1m[36m (0.1ms)[0m  [1mSELECT COUNT(*) FROM "votes" WHERE "votes"."link_id" = ?[0m  [["link_id", 3]]
  [1m[35m (0.1ms)[0m  SELECT COUNT(*) FROM "votes" WHERE "votes"."link_id" = ?  [["link_id", 4]]
  [1m[36m (0.1ms)[0m  [1mSELECT COUNT(*) FROM "votes" WHERE "votes"."link_id" = ?[0m  [["link_id", 5]]
  [1m[35m (0.1ms)[0m  SELECT COUNT(*) FROM "votes" WHERE "votes"."link_id" = ?  [["link_id", 6]]
  [1m[36m (0.1ms)[0m  [1mSELECT COUNT(*) FROM "votes" WHERE "votes"."link_id" = ?[0m  [["link_id", 7]]
  [1m[35m (0.1ms)[0m  SELECT COUNT(*) FROM "votes" WHERE "votes"."link_id" = ?  [["link_id", 8]]
  [1m[36m (0.1ms)[0m  [1mSELECT COUNT(*) FROM "votes" WHERE "votes"."link_id" = ?[0m  [["link_id", 9]]
  [1m[35mCACHE (0.0ms)[0m  SELECT COUNT(*) FROM "votes" WHERE "votes"."link_id" = ?  [["link_id", 4]]
  [1m[36mCACHE (0.0ms)[0m  [1mSELECT COUNT(*) FROM "votes" WHERE "votes"."link_id" = ?[0m  [["link_id", 4]]
  [1m[35mVote Load (0.1ms)[0m  SELECT  "votes".* FROM "votes" WHERE "votes"."link_id" = ?  ORDER BY "votes"."id" DESC LIMIT 1  [["link_id", 4]]
  [1m[36mUser Load (0.1ms)[0m  [1mSELECT  "users".* FROM "users" WHERE "users"."id" = ? LIMIT 1[0m  [["id", 1]]
  [1m[35mCACHE (0.0ms)[0m  SELECT COUNT(*) FROM "votes" WHERE "votes"."link_id" = ?  [["link_id", 6]]
  [1m[36mCACHE (0.0ms)[0m  [1mSELECT COUNT(*) FROM "votes" WHERE "votes"."link_id" = ?[0m  [["link_id", 6]]
  [1m[35mVote Load (0.1ms)[0m  SELECT  "votes".* FROM "votes" WHERE "votes"."link_id" = ?  ORDER BY "votes"."id" DESC LIMIT 1  [["link_id", 6]]
  [1m[36mCACHE (0.0ms)[0m  [1mSELECT  "users".* FROM "users" WHERE "users"."id" = ? LIMIT 1[0m  [["id", 1]]
  [1m[35mCACHE (0.0ms)[0m  SELECT COUNT(*) FROM "votes" WHERE "votes"."link_id" = ?  [["link_id", 8]]
  [1m[36mCACHE (0.0ms)[0m  [1mSELECT COUNT(*) FROM "votes" WHERE "votes"."link_id" = ?[0m  [["link_id", 8]]
  [1m[35mVote Load (0.1ms)[0m  SELECT  "votes".* FROM "votes" WHERE "votes"."link_id" = ?  ORDER BY "votes"."id" DESC LIMIT 1  [["link_id", 8]]
  [1m[36mCACHE (0.0ms)[0m  [1mSELECT  "users".* FROM "users" WHERE "users"."id" = ? LIMIT 1[0m  [["id", 1]]
  [1m[35mCACHE (0.0ms)[0m  SELECT COUNT(*) FROM "votes" WHERE "votes"."link_id" = ?  [["link_id", 5]]
  [1m[36mCACHE (0.0ms)[0m  [1mSELECT COUNT(*) FROM "votes" WHERE "votes"."link_id" = ?[0m  [["link_id", 5]]
  [1m[35mCACHE (0.0ms)[0m  SELECT  "users".* FROM "users" WHERE "users"."id" = ? LIMIT 1  [["id", 1]]
  [1m[36mCACHE (0.0ms)[0m  [1mSELECT COUNT(*) FROM "votes" WHERE "votes"."link_id" = ?[0m  [["link_id", 7]]
  [1m[35mCACHE (0.0ms)[0m  SELECT COUNT(*) FROM "votes" WHERE "votes"."link_id" = ?  [["link_id", 7]]
  [1m[36mCACHE (0.0ms)[0m  [1mSELECT  "users".* FROM "users" WHERE "users"."id" = ? LIMIT 1[0m  [["id", 1]]
  [1m[35mCACHE (0.0ms)[0m  SELECT COUNT(*) FROM "votes" WHERE "votes"."link_id" = ?  [["link_id", 9]]
  [1m[36mCACHE (0.0ms)[0m  [1mSELECT COUNT(*) FROM "votes" WHERE "votes"."link_id" = ?[0m  [["link_id", 9]]
  [1m[35mCACHE (0.0ms)[0m  SELECT  "users".* FROM "users" WHERE "users"."id" = ? LIMIT 1  [["id", 1]]
  [1m[36mCACHE (0.0ms)[0m  [1mSELECT COUNT(*) FROM "votes" WHERE "votes"."link_id" = ?[0m  [["link_id", 3]]
  [1m[35mCACHE (0.0ms)[0m  SELECT COUNT(*) FROM "votes" WHERE "votes"."link_id" = ?  [["link_id", 3]]
  [1m[36mCACHE (0.0ms)[0m  [1mSELECT  "users".* FROM "users" WHERE "users"."id" = ? LIMIT 1[0m  [["id", 1]]
  [1m[35mCACHE (0.0ms)[0m  SELECT COUNT(*) FROM "votes" WHERE "votes"."link_id" = ?  [["link_id", 2]]
  [1m[36mCACHE (0.0ms)[0m  [1mSELECT COUNT(*) FROM "votes" WHERE "votes"."link_id" = ?[0m  [["link_id", 2]]
  [1m[35mCACHE (0.0ms)[0m  SELECT  "users".* FROM "users" WHERE "users"."id" = ? LIMIT 1  [["id", 1]]
  [1m[36mCACHE (0.0ms)[0m  [1mSELECT COUNT(*) FROM "votes" WHERE "votes"."link_id" = ?[0m  [["link_id", 1]]
  [1m[35mCACHE (0.0ms)[0m  SELECT COUNT(*) FROM "votes" WHERE "votes"."link_id" = ?  [["link_id", 1]]
  [1m[36mCACHE (0.0ms)[0m  [1mSELECT  "users".* FROM "users" WHERE "users"."id" = ? LIMIT 1[0m  [["id", 1]]
  [1m[35mUser Load (0.1ms)[0m  SELECT "users".* FROM "users"
  [1m[36m (0.1ms)[0m  [1mSELECT COUNT(*) FROM "links" WHERE "links"."user_id" = ?[0m  [["user_id", 1]]
  [1m[35m (0.1ms)[0m  SELECT COUNT(*) FROM "links" WHERE "links"."user_id" = ?  [["user_id", 2]]
  Rendered links/index.html.erb within layouts/application (31.5ms)
Completed 200 OK in 98ms (Views: 79.6ms | ActiveRecord: 2.6ms)


Started GET "/assets/jumbotron" for ::1 at 2015-11-06 23:30:19 -0500


Started GET "/assets/bootstrap/glyphicons-halflings-regular-fe185d11a49676890d47bb783312a0cda5a44c4039214094e7957b4c040ef11c.woff2" for ::1 at 2015-11-06 23:30:19 -0500


Started GET "/users/2" for ::1 at 2015-11-06 23:30:22 -0500
Processing by UsersController#show as HTML
  Parameters: {"id"=>"2"}
  [1m[36mUser Load (0.2ms)[0m  [1mSELECT  "users".* FROM "users" WHERE "users"."id" = ? LIMIT 1[0m  [["id", 2]]
  [1m[35mLink Load (0.1ms)[0m  SELECT "links".* FROM "links" WHERE "links"."user_id" = ?  [["user_id", 2]]
  Rendered users/show.html.erb within layouts/application (1.4ms)
Completed 200 OK in 50ms (Views: 48.8ms | ActiveRecord: 0.3ms)


Started GET "/links/new" for ::1 at 2015-11-06 23:30:30 -0500
Processing by LinksController#new as HTML
  [1m[36mUser Load (0.1ms)[0m  [1mSELECT "users".* FROM "users"[0m
  Rendered links/new.html.erb within layouts/application (4.4ms)
Completed 200 OK in 55ms (Views: 53.9ms | ActiveRecord: 0.1ms)


Started POST "/links" for ::1 at 2015-11-06 23:30:44 -0500
Processing by LinksController#create as HTML
  Parameters: {"utf8"=>"✓", "authenticity_token"=>"mKk3aDhurgY4Q4IiPtVSLIuabld784AjNFJnoU4Fk3dyBigUbGhXkg0AX+G4DgxdFvzMFV3in9tC3WBc05k6/w==", "link"=>{"title"=>"This is my new link check it out!", "location"=>"www.deathclock.com", "user_id"=>"2"}, "commit"=>"Save"}
  [1m[35m (0.1ms)[0m  begin transaction
  [1m[36mSQL (0.4ms)[0m  [1mINSERT INTO "links" ("location", "title", "user_id", "created_at", "updated_at") VALUES (?, ?, ?, ?, ?)[0m  [["location", "http://www.deathclock.com"], ["title", "This is my new link check it out!"], ["user_id", 2], ["created_at", "2015-11-07 04:30:44.043196"], ["updated_at", "2015-11-07 04:30:44.043196"]]
  [1m[35m (0.8ms)[0m  commit transaction
Redirected to http://localhost:3000/
Completed 302 Found in 6ms (ActiveRecord: 1.3ms)


Started GET "/" for ::1 at 2015-11-06 23:30:44 -0500
Processing by LinksController#index as HTML
  [1m[36mLink Load (0.2ms)[0m  [1mSELECT "links".* FROM "links"[0m
  [1m[35m (0.1ms)[0m  SELECT COUNT(*) FROM "votes" WHERE "votes"."link_id" = ?  [["link_id", 1]]
  [1m[36m (0.1ms)[0m  [1mSELECT COUNT(*) FROM "votes" WHERE "votes"."link_id" = ?[0m  [["link_id", 2]]
  [1m[35m (0.1ms)[0m  SELECT COUNT(*) FROM "votes" WHERE "votes"."link_id" = ?  [["link_id", 3]]
  [1m[36m (0.1ms)[0m  [1mSELECT COUNT(*) FROM "votes" WHERE "votes"."link_id" = ?[0m  [["link_id", 4]]
  [1m[35m (0.2ms)[0m  SELECT COUNT(*) FROM "votes" WHERE "votes"."link_id" = ?  [["link_id", 5]]
  [1m[36m (0.1ms)[0m  [1mSELECT COUNT(*) FROM "votes" WHERE "votes"."link_id" = ?[0m  [["link_id", 6]]
  [1m[35m (0.1ms)[0m  SELECT COUNT(*) FROM "votes" WHERE "votes"."link_id" = ?  [["link_id", 7]]
  [1m[36m (0.1ms)[0m  [1mSELECT COUNT(*) FROM "votes" WHERE "votes"."link_id" = ?[0m  [["link_id", 8]]
  [1m[35m (0.1ms)[0m  SELECT COUNT(*) FROM "votes" WHERE "votes"."link_id" = ?  [["link_id", 9]]
  [1m[36m (0.1ms)[0m  [1mSELECT COUNT(*) FROM "votes" WHERE "votes"."link_id" = ?[0m  [["link_id", 10]]
  [1m[35mCACHE (0.0ms)[0m  SELECT COUNT(*) FROM "votes" WHERE "votes"."link_id" = ?  [["link_id", 4]]
  [1m[36mCACHE (0.0ms)[0m  [1mSELECT COUNT(*) FROM "votes" WHERE "votes"."link_id" = ?[0m  [["link_id", 4]]
  [1m[35mVote Load (0.1ms)[0m  SELECT  "votes".* FROM "votes" WHERE "votes"."link_id" = ?  ORDER BY "votes"."id" DESC LIMIT 1  [["link_id", 4]]
  [1m[36mUser Load (0.1ms)[0m  [1mSELECT  "users".* FROM "users" WHERE "users"."id" = ? LIMIT 1[0m  [["id", 1]]
  [1m[35mCACHE (0.0ms)[0m  SELECT COUNT(*) FROM "votes" WHERE "votes"."link_id" = ?  [["link_id", 6]]
  [1m[36mCACHE (0.0ms)[0m  [1mSELECT COUNT(*) FROM "votes" WHERE "votes"."link_id" = ?[0m  [["link_id", 6]]
  [1m[35mVote Load (0.1ms)[0m  SELECT  "votes".* FROM "votes" WHERE "votes"."link_id" = ?  ORDER BY "votes"."id" DESC LIMIT 1  [["link_id", 6]]
  [1m[36mCACHE (0.0ms)[0m  [1mSELECT  "users".* FROM "users" WHERE "users"."id" = ? LIMIT 1[0m  [["id", 1]]
  [1m[35mCACHE (0.0ms)[0m  SELECT COUNT(*) FROM "votes" WHERE "votes"."link_id" = ?  [["link_id", 10]]
  [1m[36mCACHE (0.0ms)[0m  [1mSELECT COUNT(*) FROM "votes" WHERE "votes"."link_id" = ?[0m  [["link_id", 10]]
  [1m[35mVote Load (0.1ms)[0m  SELECT  "votes".* FROM "votes" WHERE "votes"."link_id" = ?  ORDER BY "votes"."id" DESC LIMIT 1  [["link_id", 10]]
  [1m[36mUser Load (0.1ms)[0m  [1mSELECT  "users".* FROM "users" WHERE "users"."id" = ? LIMIT 1[0m  [["id", 2]]
  [1m[35mCACHE (0.0ms)[0m  SELECT COUNT(*) FROM "votes" WHERE "votes"."link_id" = ?  [["link_id", 8]]
  [1m[36mCACHE (0.0ms)[0m  [1mSELECT COUNT(*) FROM "votes" WHERE "votes"."link_id" = ?[0m  [["link_id", 8]]
  [1m[35mVote Load (0.1ms)[0m  SELECT  "votes".* FROM "votes" WHERE "votes"."link_id" = ?  ORDER BY "votes"."id" DESC LIMIT 1  [["link_id", 8]]
  [1m[36mCACHE (0.0ms)[0m  [1mSELECT  "users".* FROM "users" WHERE "users"."id" = ? LIMIT 1[0m  [["id", 1]]
  [1m[35mCACHE (0.0ms)[0m  SELECT COUNT(*) FROM "votes" WHERE "votes"."link_id" = ?  [["link_id", 9]]
  [1m[36mCACHE (0.0ms)[0m  [1mSELECT COUNT(*) FROM "votes" WHERE "votes"."link_id" = ?[0m  [["link_id", 9]]
  [1m[35mCACHE (0.0ms)[0m  SELECT  "users".* FROM "users" WHERE "users"."id" = ? LIMIT 1  [["id", 1]]
  [1m[36mCACHE (0.0ms)[0m  [1mSELECT COUNT(*) FROM "votes" WHERE "votes"."link_id" = ?[0m  [["link_id", 5]]
  [1m[35mCACHE (0.0ms)[0m  SELECT COUNT(*) FROM "votes" WHERE "votes"."link_id" = ?  [["link_id", 5]]
  [1m[36mCACHE (0.0ms)[0m  [1mSELECT  "users".* FROM "users" WHERE "users"."id" = ? LIMIT 1[0m  [["id", 1]]
  [1m[35mCACHE (0.0ms)[0m  SELECT COUNT(*) FROM "votes" WHERE "votes"."link_id" = ?  [["link_id", 7]]
  [1m[36mCACHE (0.0ms)[0m  [1mSELECT COUNT(*) FROM "votes" WHERE "votes"."link_id" = ?[0m  [["link_id", 7]]
  [1m[35mCACHE (0.0ms)[0m  SELECT  "users".* FROM "users" WHERE "users"."id" = ? LIMIT 1  [["id", 1]]
  [1m[36mCACHE (0.0ms)[0m  [1mSELECT COUNT(*) FROM "votes" WHERE "votes"."link_id" = ?[0m  [["link_id", 3]]
  [1m[35mCACHE (0.0ms)[0m  SELECT COUNT(*) FROM "votes" WHERE "votes"."link_id" = ?  [["link_id", 3]]
  [1m[36mCACHE (0.0ms)[0m  [1mSELECT  "users".* FROM "users" WHERE "users"."id" = ? LIMIT 1[0m  [["id", 1]]
  [1m[35mCACHE (0.0ms)[0m  SELECT COUNT(*) FROM "votes" WHERE "votes"."link_id" = ?  [["link_id", 2]]
  [1m[36mCACHE (0.0ms)[0m  [1mSELECT COUNT(*) FROM "votes" WHERE "votes"."link_id" = ?[0m  [["link_id", 2]]
  [1m[35mCACHE (0.0ms)[0m  SELECT  "users".* FROM "users" WHERE "users"."id" = ? LIMIT 1  [["id", 1]]
  [1m[36mCACHE (0.0ms)[0m  [1mSELECT COUNT(*) FROM "votes" WHERE "votes"."link_id" = ?[0m  [["link_id", 1]]
  [1m[35mCACHE (0.0ms)[0m  SELECT COUNT(*) FROM "votes" WHERE "votes"."link_id" = ?  [["link_id", 1]]
  [1m[36mCACHE (0.0ms)[0m  [1mSELECT  "users".* FROM "users" WHERE "users"."id" = ? LIMIT 1[0m  [["id", 1]]
  [1m[35mUser Load (0.1ms)[0m  SELECT "users".* FROM "users"
  [1m[36m (0.1ms)[0m  [1mSELECT COUNT(*) FROM "links" WHERE "links"."user_id" = ?[0m  [["user_id", 1]]
  [1m[35m (0.1ms)[0m  SELECT COUNT(*) FROM "links" WHERE "links"."user_id" = ?  [["user_id", 2]]
  Rendered links/index.html.erb within layouts/application (26.5ms)
Completed 200 OK in 88ms (Views: 77.1ms | ActiveRecord: 2.4ms)


Started GET "/assets/jumbotron" for ::1 at 2015-11-06 23:30:44 -0500


Started GET "/users/2" for ::1 at 2015-11-06 23:30:45 -0500
Processing by UsersController#show as HTML
  Parameters: {"id"=>"2"}
  [1m[36mUser Load (0.1ms)[0m  [1mSELECT  "users".* FROM "users" WHERE "users"."id" = ? LIMIT 1[0m  [["id", 2]]
  [1m[35mLink Load (0.1ms)[0m  SELECT "links".* FROM "links" WHERE "links"."user_id" = ?  [["user_id", 2]]
  Rendered users/show.html.erb within layouts/application (1.2ms)
Completed 200 OK in 49ms (Views: 48.6ms | ActiveRecord: 0.2ms)
